#
# There is insufficient memory for the Java Runtime Environment to continue.
# Native memory allocation (mmap) failed to map 65536 bytes for Failed to commit metaspace.
# Possible reasons:
#   The system is out of physical RAM or swap space
#   The process is running with CompressedOops enabled, and the Java Heap may be blocking the growth of the native heap
# Possible solutions:
#   Reduce memory load on the system
#   Increase physical memory or swap space
#   Check if swap backing store is full
#   Decrease Java heap size (-Xmx/-Xms)
#   Decrease number of Java threads
#   Decrease Java thread stack sizes (-Xss)
#   Set larger code cache with -XX:ReservedCodeCacheSize=
#   JVM is running with Unscaled Compressed Oops mode in which the Java heap is
#     placed in the first 4GB address space. The Java Heap base address is the
#     maximum limit for the native heap growth. Please use -XX:HeapBaseMinAddress
#     to set the Java Heap base and to place the Java Heap above 4GB virtual address.
# This output file may be truncated or incomplete.
#
#  Out of Memory Error (virtualSpaceNode.cpp:110), pid=8588, tid=3992
#
# JRE version: OpenJDK Runtime Environment Temurin-17.0.7+7 (17.0.7+7) (build 17.0.7+7)
# Java VM: OpenJDK 64-Bit Server VM Temurin-17.0.7+7 (17.0.7+7, mixed mode, emulated-client, tiered, compressed oops, compressed class ptrs, g1 gc, windows-amd64)
# No core dump will be written. Minidumps are not enabled by default on client versions of Windows
#

---------------  S U M M A R Y ------------

Command Line: -Dcom.sun.management.jmxremote -Dcom.sun.management.jmxremote.port=64831 -Dcom.sun.management.jmxremote.authenticate=false -Dcom.sun.management.jmxremote.ssl=false -Djava.rmi.server.hostname=localhost -Dspring.jmx.enabled=true -Dmanagement.endpoints.jmx.exposure.include=* -Dspring.application.admin.enabled=true -XX:TieredStopAtLevel=1 -Dspring.boot.project.name=servicio-artistas -Dfile.encoding=UTF-8 -XX:+ShowCodeDetailsInExceptionMessages com.appmusica.artistas.ServicioArtistasApplication --spring.output.ansi.enabled=always

Host: Intel(R) Pentium(R) Silver J5040 CPU @ 2.00GHz, 4 cores, 3G,  Windows 11 , 64 bit Build 22621 (10.0.22621.2428)
Time: Wed Oct 11 15:48:21 2023 Hora est. Pacífico, Sudamérica elapsed time: 2.842404 seconds (0d 0h 0m 2s)

---------------  T H R E A D  ---------------

Current thread (0x000002554ce8e7e0):  JavaThread "main" [_thread_in_vm, id=3992, stack(0x000000b51d100000,0x000000b51d200000)]

Stack: [0x000000b51d100000,0x000000b51d200000]
Native frames: (J=compiled Java code, j=interpreted, Vv=VM code, C=native code)
V  [jvm.dll+0x67754a]
V  [jvm.dll+0x834304]
V  [jvm.dll+0x835aae]
V  [jvm.dll+0x836113]
V  [jvm.dll+0x24696f]
V  [jvm.dll+0x83039b]
V  [jvm.dll+0x61c006]
V  [jvm.dll+0x61c06a]
V  [jvm.dll+0x61e89a]
V  [jvm.dll+0x61c9a6]
V  [jvm.dll+0x23aeff]
V  [jvm.dll+0x626845]
V  [jvm.dll+0x1eb47b]
V  [jvm.dll+0x1eb9b5]
V  [jvm.dll+0x1ec3ef]
V  [jvm.dll+0x1e1891]
V  [jvm.dll+0x53ea50]
V  [jvm.dll+0x1f2067]
V  [jvm.dll+0x7af05b]
V  [jvm.dll+0x7b0402]
V  [jvm.dll+0x7b0738]
V  [jvm.dll+0x23ec6e]
V  [jvm.dll+0x380a4e]
C  0x0000025551ee94e2

Java frames: (J=compiled Java code, j=interpreted, Vv=VM code)
j  java.lang.constant.MethodHandleDesc.ofMethod(Ljava/lang/constant/DirectMethodHandleDesc$Kind;Ljava/lang/constant/ClassDesc;Ljava/lang/String;Ljava/lang/constant/MethodTypeDesc;)Ljava/lang/constant/DirectMethodHandleDesc;+80 java.base@17.0.7
j  java.lang.constant.ConstantDescs.ofConstantBootstrap(Ljava/lang/constant/ClassDesc;Ljava/lang/String;Ljava/lang/constant/ClassDesc;[Ljava/lang/constant/ClassDesc;)Ljava/lang/constant/DirectMethodHandleDesc;+19 java.base@17.0.7
j  java.lang.constant.ConstantDescs.<clinit>()V+378 java.base@17.0.7
v  ~StubRoutines::call_stub
j  java.lang.invoke.VarHandle$VarHandleDesc$Kind.<clinit>()V+7 java.base@17.0.7
v  ~StubRoutines::call_stub
j  java.lang.invoke.VarHandle$2.<clinit>()V+0 java.base@17.0.7
v  ~StubRoutines::call_stub
j  java.lang.invoke.VarHandle$AccessType.accessModeType(Ljava/lang/Class;Ljava/lang/Class;[Ljava/lang/Class;)Ljava/lang/invoke/MethodType;+0 java.base@17.0.7
j  java.lang.invoke.VarHandleByteArrayAsInts$ArrayHandle.accessModeTypeUncached(Ljava/lang/invoke/VarHandle$AccessType;)Ljava/lang/invoke/MethodType;+16 java.base@17.0.7
j  java.lang.invoke.VarHandle.accessModeTypeUncached(I)Ljava/lang/invoke/MethodType;+6 java.base@17.0.7
j  java.lang.invoke.VarHandle.accessModeType(I)Ljava/lang/invoke/MethodType;+23 java.base@17.0.7
j  java.lang.invoke.VarHandle.checkExactAccessMode(Ljava/lang/invoke/VarHandle$AccessDescriptor;)V+12 java.base@17.0.7
j  java.lang.invoke.VarHandleGuards.guard_LI_I(Ljava/lang/invoke/VarHandle;Ljava/lang/Object;ILjava/lang/invoke/VarHandle$AccessDescriptor;)I+2 java.base@17.0.7
j  sun.security.provider.ByteArrayAccess.b2iBig64([BI[I)V+7 java.base@17.0.7
j  sun.security.provider.SHA.implCompress0([BI)V+21 java.base@17.0.7
j  sun.security.provider.SHA.implCompress([BI)V+9 java.base@17.0.7
j  sun.security.provider.DigestBase.engineUpdate([BII)V+128 java.base@17.0.7
j  java.security.MessageDigest$Delegate.engineUpdate([BII)V+7 java.base@17.0.7
j  java.security.MessageDigest.update([B)V+5 java.base@17.0.7
j  sun.security.provider.SeedGenerator$1.run()Ljava/lang/Void;+41 java.base@17.0.7
j  sun.security.provider.SeedGenerator$1.run()Ljava/lang/Object;+1 java.base@17.0.7
j  java.security.AccessController.executePrivileged(Ljava/security/PrivilegedAction;Ljava/security/AccessControlContext;Ljava/lang/Class;)Ljava/lang/Object;+29 java.base@17.0.7
j  java.security.AccessController.doPrivileged(Ljava/security/PrivilegedAction;)Ljava/lang/Object;+5 java.base@17.0.7
j  sun.security.provider.SeedGenerator.getSystemEntropy()[B+40 java.base@17.0.7
j  sun.security.provider.AbstractDrbg$SeederHolder.<clinit>()V+28 java.base@17.0.7
v  ~StubRoutines::call_stub
j  sun.security.provider.AbstractDrbg.getEntropyInput(IIIZ)[B+87 java.base@17.0.7
j  sun.security.provider.AbstractDrbg.getEntropyInput(Z)[B+14 java.base@17.0.7
j  sun.security.provider.AbstractDrbg.instantiateIfNecessary([B)V+16 java.base@17.0.7
j  sun.security.provider.AbstractDrbg.engineNextBytes([BLjava/security/SecureRandomParameters;)V+162 java.base@17.0.7
j  sun.security.provider.AbstractDrbg.engineNextBytes([B)V+11 java.base@17.0.7
j  sun.security.provider.DRBG.engineNextBytes([B)V+5 java.base@17.0.7
j  java.security.SecureRandom.nextBytes([B)V+12 java.base@17.0.7
j  java.security.SecureRandom.next(I)I+17 java.base@17.0.7
j  java.util.Random.nextInt()I+3 java.base@17.0.7
j  java.rmi.server.UID.<init>()V+23 java.rmi@17.0.7
j  java.rmi.server.ObjID.<clinit>()V+14 java.rmi@17.0.7
v  ~StubRoutines::call_stub
j  sun.rmi.transport.LiveRef.<init>(I)V+1 java.rmi@17.0.7
j  sun.management.jmxremote.ConnectorBootstrap$PermanentExporter.exportObject(Ljava/rmi/Remote;ILjava/rmi/server/RMIClientSocketFactory;Ljava/rmi/server/RMIServerSocketFactory;Ljava/io/ObjectInputFilter;)Ljava/rmi/Remote;+49 jdk.management.agent@17.0.7
j  javax.management.remote.rmi.RMIJRMPServerImpl.export(Ljava/rmi/Remote;Ljava/io/ObjectInputFilter;)V+62 java.management.rmi@17.0.7
j  javax.management.remote.rmi.RMIJRMPServerImpl.export()V+6 java.management.rmi@17.0.7
j  javax.management.remote.rmi.RMIConnectorServer.start()V+257 java.management.rmi@17.0.7
j  sun.management.jmxremote.ConnectorBootstrap.exportMBeanServer(Ljavax/management/MBeanServer;IIZZLjava/lang/String;[Ljava/lang/String;[Ljava/lang/String;ZZLjava/lang/String;Ljava/lang/String;ZLjava/lang/String;Ljava/lang/String;Ljava/lang/String;)Lsun/management/jmxremote/ConnectorBootstrap$JMXConnectorServerData;+348 jdk.management.agent@17.0.7
j  sun.management.jmxremote.ConnectorBootstrap.startRemoteConnectorServer(Ljava/lang/String;Ljava/util/Properties;)Ljavax/management/remote/JMXConnectorServer;+620 jdk.management.agent@17.0.7
j  jdk.internal.agent.Agent.startAgent(Ljava/util/Properties;)V+48 jdk.management.agent@17.0.7
j  jdk.internal.agent.Agent.startAgent()V+20 jdk.management.agent@17.0.7
v  ~StubRoutines::call_stub

---------------  P R O C E S S  ---------------

Threads class SMR info:
_java_thread_list=0x000002555e164680, length=11, elements={
0x000002554ce8e7e0, 0x0000025559dd42b0, 0x0000025559dd58c0, 0x0000025559e184d0,
0x0000025559e1efa0, 0x0000025559e1f950, 0x0000025559e20300, 0x0000025559e20d60,
0x0000025559e4e920, 0x0000025559d6c760, 0x000002555e185390
}

Java Threads: ( => current thread )
=>0x000002554ce8e7e0 JavaThread "main" [_thread_in_vm, id=3992, stack(0x000000b51d100000,0x000000b51d200000)]
  0x0000025559dd42b0 JavaThread "Reference Handler" daemon [_thread_blocked, id=6736, stack(0x000000b51d800000,0x000000b51d900000)]
  0x0000025559dd58c0 JavaThread "Finalizer" daemon [_thread_blocked, id=7820, stack(0x000000b51d900000,0x000000b51da00000)]
  0x0000025559e184d0 JavaThread "Signal Dispatcher" daemon [_thread_blocked, id=5776, stack(0x000000b51da00000,0x000000b51db00000)]
  0x0000025559e1efa0 JavaThread "Attach Listener" daemon [_thread_blocked, id=13928, stack(0x000000b51db00000,0x000000b51dc00000)]
  0x0000025559e1f950 JavaThread "Service Thread" daemon [_thread_blocked, id=11036, stack(0x000000b51dc00000,0x000000b51dd00000)]
  0x0000025559e20300 JavaThread "Monitor Deflation Thread" daemon [_thread_blocked, id=4280, stack(0x000000b51dd00000,0x000000b51de00000)]
  0x0000025559e20d60 JavaThread "C1 CompilerThread0" daemon [_thread_blocked, id=3348, stack(0x000000b51de00000,0x000000b51df00000)]
  0x0000025559e4e920 JavaThread "Sweeper thread" daemon [_thread_blocked, id=12712, stack(0x000000b51df00000,0x000000b51e000000)]
  0x0000025559d6c760 JavaThread "Common-Cleaner" daemon [_thread_blocked, id=13012, stack(0x000000b51e000000,0x000000b51e100000)]
  0x000002555e185390 JavaThread "Notification Thread" daemon [_thread_blocked, id=10164, stack(0x000000b51e100000,0x000000b51e200000)]

Other Threads:
  0x0000025559d79180 VMThread "VM Thread" [stack: 0x000000b51d700000,0x000000b51d800000] [id=16004]
  0x000002554d094ae0 GCTaskThread "GC Thread#0" [stack: 0x000000b51d200000,0x000000b51d300000] [id=13744]
  0x000002554d09d460 ConcurrentGCThread "G1 Main Marker" [stack: 0x000000b51d300000,0x000000b51d400000] [id=3544]
  0x000002554d09e6e0 ConcurrentGCThread "G1 Conc#0" [stack: 0x000000b51d400000,0x000000b51d500000] [id=12408]
  0x000002554d0da300 ConcurrentGCThread "G1 Refine#0" [stack: 0x000000b51d500000,0x000000b51d600000] [id=8828]
  0x000002554d0dad20 ConcurrentGCThread "G1 Service" [stack: 0x000000b51d600000,0x000000b51d700000] [id=7396]

Threads with active compile tasks:

VM state: not at safepoint (normal execution)

VM Mutex/Monitor currently owned by a thread:  ([mutex/lock_event])
[0x000002554d04b370] Metaspace_lock - owner thread: 0x000002554ce8e7e0

Heap address: 0x00000000c2e00000, size: 978 MB, Compressed Oops mode: 32-bit

CDS archive(s) not mapped
Compressed class space mapped at: 0x0000000100000000-0x0000000140000000, reserved size: 1073741824
Narrow klass base: 0x0000000000000000, Narrow klass shift: 3, Narrow klass range: 0x140000000

GC Precious Log:
 CPUs: 4 total, 4 available
 Memory: 3910M
 Large Page Support: Disabled
 NUMA Support: Disabled
 Compressed Oops: Enabled (32-bit)
 Heap Region Size: 1M
 Heap Min Capacity: 8M
 Heap Initial Capacity: 62M
 Heap Max Capacity: 978M
 Pre-touch: Disabled
 Parallel Workers: 4
 Concurrent Workers: 1
 Concurrent Refinement Workers: 4
 Periodic GC: Disabled

Heap:
 garbage-first heap   total 63488K, used 8192K [0x00000000c2e00000, 0x0000000100000000)
  region size 1024K, 9 young (9216K), 0 survivors (0K)
 Metaspace       used 10711K, committed 10880K, reserved 1114112K
  class space    used 1057K, committed 1152K, reserved 1048576K

Heap Regions: E=young(eden), S=young(survivor), O=old, HS=humongous(starts), HC=humongous(continues), CS=collection set, F=free, OA=open archive, CA=closed archive, TAMS=top-at-mark-start (previous, next)
|   0|0x00000000c2e00000, 0x00000000c2f00000, 0x00000000c2f00000|100%|HS|  |TAMS 0x00000000c2e00000, 0x00000000c2e00000| Complete 
|   1|0x00000000c2f00000, 0x00000000c2f00000, 0x00000000c3000000|  0%| F|  |TAMS 0x00000000c2f00000, 0x00000000c2f00000| Untracked 
|   2|0x00000000c3000000, 0x00000000c3000000, 0x00000000c3100000|  0%| F|  |TAMS 0x00000000c3000000, 0x00000000c3000000| Untracked 
|   3|0x00000000c3100000, 0x00000000c3100000, 0x00000000c3200000|  0%| F|  |TAMS 0x00000000c3100000, 0x00000000c3100000| Untracked 
|   4|0x00000000c3200000, 0x00000000c3200000, 0x00000000c3300000|  0%| F|  |TAMS 0x00000000c3200000, 0x00000000c3200000| Untracked 
|   5|0x00000000c3300000, 0x00000000c3300000, 0x00000000c3400000|  0%| F|  |TAMS 0x00000000c3300000, 0x00000000c3300000| Untracked 
|   6|0x00000000c3400000, 0x00000000c3400000, 0x00000000c3500000|  0%| F|  |TAMS 0x00000000c3400000, 0x00000000c3400000| Untracked 
|   7|0x00000000c3500000, 0x00000000c3500000, 0x00000000c3600000|  0%| F|  |TAMS 0x00000000c3500000, 0x00000000c3500000| Untracked 
|   8|0x00000000c3600000, 0x00000000c3600000, 0x00000000c3700000|  0%| F|  |TAMS 0x00000000c3600000, 0x00000000c3600000| Untracked 
|   9|0x00000000c3700000, 0x00000000c3700000, 0x00000000c3800000|  0%| F|  |TAMS 0x00000000c3700000, 0x00000000c3700000| Untracked 
|  10|0x00000000c3800000, 0x00000000c3800000, 0x00000000c3900000|  0%| F|  |TAMS 0x00000000c3800000, 0x00000000c3800000| Untracked 
|  11|0x00000000c3900000, 0x00000000c3900000, 0x00000000c3a00000|  0%| F|  |TAMS 0x00000000c3900000, 0x00000000c3900000| Untracked 
|  12|0x00000000c3a00000, 0x00000000c3a00000, 0x00000000c3b00000|  0%| F|  |TAMS 0x00000000c3a00000, 0x00000000c3a00000| Untracked 
|  13|0x00000000c3b00000, 0x00000000c3b00000, 0x00000000c3c00000|  0%| F|  |TAMS 0x00000000c3b00000, 0x00000000c3b00000| Untracked 
|  14|0x00000000c3c00000, 0x00000000c3c00000, 0x00000000c3d00000|  0%| F|  |TAMS 0x00000000c3c00000, 0x00000000c3c00000| Untracked 
|  15|0x00000000c3d00000, 0x00000000c3d00000, 0x00000000c3e00000|  0%| F|  |TAMS 0x00000000c3d00000, 0x00000000c3d00000| Untracked 
|  16|0x00000000c3e00000, 0x00000000c3e00000, 0x00000000c3f00000|  0%| F|  |TAMS 0x00000000c3e00000, 0x00000000c3e00000| Untracked 
|  17|0x00000000c3f00000, 0x00000000c3f00000, 0x00000000c4000000|  0%| F|  |TAMS 0x00000000c3f00000, 0x00000000c3f00000| Untracked 
|  18|0x00000000c4000000, 0x00000000c4000000, 0x00000000c4100000|  0%| F|  |TAMS 0x00000000c4000000, 0x00000000c4000000| Untracked 
|  19|0x00000000c4100000, 0x00000000c4100000, 0x00000000c4200000|  0%| F|  |TAMS 0x00000000c4100000, 0x00000000c4100000| Untracked 
|  20|0x00000000c4200000, 0x00000000c4200000, 0x00000000c4300000|  0%| F|  |TAMS 0x00000000c4200000, 0x00000000c4200000| Untracked 
|  21|0x00000000c4300000, 0x00000000c4300000, 0x00000000c4400000|  0%| F|  |TAMS 0x00000000c4300000, 0x00000000c4300000| Untracked 
|  22|0x00000000c4400000, 0x00000000c4400000, 0x00000000c4500000|  0%| F|  |TAMS 0x00000000c4400000, 0x00000000c4400000| Untracked 
|  23|0x00000000c4500000, 0x00000000c4500000, 0x00000000c4600000|  0%| F|  |TAMS 0x00000000c4500000, 0x00000000c4500000| Untracked 
|  24|0x00000000c4600000, 0x00000000c4600000, 0x00000000c4700000|  0%| F|  |TAMS 0x00000000c4600000, 0x00000000c4600000| Untracked 
|  25|0x00000000c4700000, 0x00000000c4700000, 0x00000000c4800000|  0%| F|  |TAMS 0x00000000c4700000, 0x00000000c4700000| Untracked 
|  26|0x00000000c4800000, 0x00000000c4800000, 0x00000000c4900000|  0%| F|  |TAMS 0x00000000c4800000, 0x00000000c4800000| Untracked 
|  27|0x00000000c4900000, 0x00000000c4900000, 0x00000000c4a00000|  0%| F|  |TAMS 0x00000000c4900000, 0x00000000c4900000| Untracked 
|  28|0x00000000c4a00000, 0x00000000c4a00000, 0x00000000c4b00000|  0%| F|  |TAMS 0x00000000c4a00000, 0x00000000c4a00000| Untracked 
|  29|0x00000000c4b00000, 0x00000000c4b00000, 0x00000000c4c00000|  0%| F|  |TAMS 0x00000000c4b00000, 0x00000000c4b00000| Untracked 
|  30|0x00000000c4c00000, 0x00000000c4c00000, 0x00000000c4d00000|  0%| F|  |TAMS 0x00000000c4c00000, 0x00000000c4c00000| Untracked 
|  31|0x00000000c4d00000, 0x00000000c4d00000, 0x00000000c4e00000|  0%| F|  |TAMS 0x00000000c4d00000, 0x00000000c4d00000| Untracked 
|  32|0x00000000c4e00000, 0x00000000c4e00000, 0x00000000c4f00000|  0%| F|  |TAMS 0x00000000c4e00000, 0x00000000c4e00000| Untracked 
|  33|0x00000000c4f00000, 0x00000000c4f00000, 0x00000000c5000000|  0%| F|  |TAMS 0x00000000c4f00000, 0x00000000c4f00000| Untracked 
|  34|0x00000000c5000000, 0x00000000c5000000, 0x00000000c5100000|  0%| F|  |TAMS 0x00000000c5000000, 0x00000000c5000000| Untracked 
|  35|0x00000000c5100000, 0x00000000c5100000, 0x00000000c5200000|  0%| F|  |TAMS 0x00000000c5100000, 0x00000000c5100000| Untracked 
|  36|0x00000000c5200000, 0x00000000c5200000, 0x00000000c5300000|  0%| F|  |TAMS 0x00000000c5200000, 0x00000000c5200000| Untracked 
|  37|0x00000000c5300000, 0x00000000c5300000, 0x00000000c5400000|  0%| F|  |TAMS 0x00000000c5300000, 0x00000000c5300000| Untracked 
|  38|0x00000000c5400000, 0x00000000c5400000, 0x00000000c5500000|  0%| F|  |TAMS 0x00000000c5400000, 0x00000000c5400000| Untracked 
|  39|0x00000000c5500000, 0x00000000c5500000, 0x00000000c5600000|  0%| F|  |TAMS 0x00000000c5500000, 0x00000000c5500000| Untracked 
|  40|0x00000000c5600000, 0x00000000c5600000, 0x00000000c5700000|  0%| F|  |TAMS 0x00000000c5600000, 0x00000000c5600000| Untracked 
|  41|0x00000000c5700000, 0x00000000c5700000, 0x00000000c5800000|  0%| F|  |TAMS 0x00000000c5700000, 0x00000000c5700000| Untracked 
|  42|0x00000000c5800000, 0x00000000c5800000, 0x00000000c5900000|  0%| F|  |TAMS 0x00000000c5800000, 0x00000000c5800000| Untracked 
|  43|0x00000000c5900000, 0x00000000c5900000, 0x00000000c5a00000|  0%| F|  |TAMS 0x00000000c5900000, 0x00000000c5900000| Untracked 
|  44|0x00000000c5a00000, 0x00000000c5a00000, 0x00000000c5b00000|  0%| F|  |TAMS 0x00000000c5a00000, 0x00000000c5a00000| Untracked 
|  45|0x00000000c5b00000, 0x00000000c5b00000, 0x00000000c5c00000|  0%| F|  |TAMS 0x00000000c5b00000, 0x00000000c5b00000| Untracked 
|  46|0x00000000c5c00000, 0x00000000c5c00000, 0x00000000c5d00000|  0%| F|  |TAMS 0x00000000c5c00000, 0x00000000c5c00000| Untracked 
|  47|0x00000000c5d00000, 0x00000000c5d00000, 0x00000000c5e00000|  0%| F|  |TAMS 0x00000000c5d00000, 0x00000000c5d00000| Untracked 
|  48|0x00000000c5e00000, 0x00000000c5e00000, 0x00000000c5f00000|  0%| F|  |TAMS 0x00000000c5e00000, 0x00000000c5e00000| Untracked 
|  49|0x00000000c5f00000, 0x00000000c5f00000, 0x00000000c6000000|  0%| F|  |TAMS 0x00000000c5f00000, 0x00000000c5f00000| Untracked 
|  50|0x00000000c6000000, 0x00000000c6000000, 0x00000000c6100000|  0%| F|  |TAMS 0x00000000c6000000, 0x00000000c6000000| Untracked 
|  51|0x00000000c6100000, 0x00000000c6100000, 0x00000000c6200000|  0%| F|  |TAMS 0x00000000c6100000, 0x00000000c6100000| Untracked 
|  52|0x00000000c6200000, 0x00000000c6200000, 0x00000000c6300000|  0%| F|  |TAMS 0x00000000c6200000, 0x00000000c6200000| Untracked 
|  53|0x00000000c6300000, 0x00000000c63c8320, 0x00000000c6400000| 78%| E|  |TAMS 0x00000000c6300000, 0x00000000c6300000| Complete 
|  54|0x00000000c6400000, 0x00000000c6500000, 0x00000000c6500000|100%| E|CS|TAMS 0x00000000c6400000, 0x00000000c6400000| Complete 
|  55|0x00000000c6500000, 0x00000000c6600000, 0x00000000c6600000|100%| E|CS|TAMS 0x00000000c6500000, 0x00000000c6500000| Complete 
|  56|0x00000000c6600000, 0x00000000c6700000, 0x00000000c6700000|100%| E|CS|TAMS 0x00000000c6600000, 0x00000000c6600000| Complete 
|  57|0x00000000c6700000, 0x00000000c6800000, 0x00000000c6800000|100%| E|  |TAMS 0x00000000c6700000, 0x00000000c6700000| Complete 
|  58|0x00000000c6800000, 0x00000000c6900000, 0x00000000c6900000|100%| E|CS|TAMS 0x00000000c6800000, 0x00000000c6800000| Complete 
|  59|0x00000000c6900000, 0x00000000c6a00000, 0x00000000c6a00000|100%| E|CS|TAMS 0x00000000c6900000, 0x00000000c6900000| Complete 
|  60|0x00000000c6a00000, 0x00000000c6b00000, 0x00000000c6b00000|100%| E|CS|TAMS 0x00000000c6a00000, 0x00000000c6a00000| Complete 
|  61|0x00000000c6b00000, 0x00000000c6c00000, 0x00000000c6c00000|100%| E|CS|TAMS 0x00000000c6b00000, 0x00000000c6b00000| Complete 

Card table byte_map: [0x0000025555560000,0x0000025555750000] _byte_map_base: 0x0000025554f49000

Marking Bits (Prev, Next): (CMBitMap*) 0x000002554d0950f0, (CMBitMap*) 0x000002554d095130
 Prev Bits: [0x0000025555940000, 0x0000025556888000)
 Next Bits: [0x0000025556890000, 0x00000255577d8000)

Polling page: 0x0000025551eb0000

Metaspace:

Usage:
  Non-class:      9.43 MB used.
      Class:      1.03 MB used.
       Both:     10.46 MB used.

Virtual space:
  Non-class space:       64.00 MB reserved,       9.50 MB ( 15%) committed,  1 nodes.
      Class space:        1.00 GB reserved,       1.12 MB ( <1%) committed,  1 nodes.
             Both:        1.06 GB reserved,      10.62 MB ( <1%) committed. 

Chunk freelists:
   Non-Class:  6.49 MB
       Class:  14.75 MB
        Both:  21.24 MB

MaxMetaspaceSize: unlimited
CompressedClassSpaceSize: 1.00 GB
Initial GC threshold: 21.00 MB
Current GC threshold: 21.00 MB
CDS: off
MetaspaceReclaimPolicy: balanced
 - commit_granule_bytes: 65536.
 - commit_granule_words: 8192.
 - virtual_space_node_default_size: 8388608.
 - enlarge_chunks_in_place: 1.
 - new_chunks_are_fully_committed: 0.
 - uncommit_free_chunks: 1.
 - use_allocation_guard: 0.
 - handle_deallocations: 1.


Internal statistics:

num_allocs_failed_limit: 0.
num_arena_births: 68.
num_arena_deaths: 0.
num_vsnodes_births: 2.
num_vsnodes_deaths: 0.
num_space_committed: 170.
num_space_uncommitted: 0.
num_chunks_returned_to_freelist: 0.
num_chunks_taken_from_freelist: 105.
num_chunk_merges: 0.
num_chunk_splits: 57.
num_chunks_enlarged: 28.
num_inconsistent_stats: 0.

CodeCache: size=49152Kb used=2053Kb max_used=2053Kb free=47098Kb
 bounds [0x0000025551ed0000, 0x0000025552140000, 0x0000025554ed0000]
 total_blobs=1162 nmethods=743 adapters=348
 compilation: enabled
              stopped_count=0, restarted_count=0
 full_count=0

Compilation events (20 events):
Event: 2.783 Thread 0x0000025559e20d60  733       1       java.util.HashMap$EntryIterator::<init> (11 bytes)
Event: 2.783 Thread 0x0000025559e20d60 nmethod 733 0x00000255520cdc90 code [0x00000255520cde20, 0x00000255520cdf48]
Event: 2.784 Thread 0x0000025559e20d60  734       1       java.lang.Class::getReflectionFactory (26 bytes)
Event: 2.785 Thread 0x0000025559e20d60 nmethod 734 0x00000255520ce010 code [0x00000255520ce1c0, 0x00000255520ce3b8]
Event: 2.785 Thread 0x0000025559e20d60  735       1       java.lang.invoke.MethodHandles$Lookup::isClassAccessible (53 bytes)
Event: 2.786 Thread 0x0000025559e20d60 nmethod 735 0x00000255520ce510 code [0x00000255520ce6e0, 0x00000255520ce938]
Event: 2.791 Thread 0x0000025559e20d60  737       1       jdk.internal.org.objectweb.asm.Frame::setLocal (65 bytes)
Event: 2.791 Thread 0x0000025559e20d60 nmethod 737 0x00000255520cf090 code [0x00000255520cf240, 0x00000255520cf608]
Event: 2.792 Thread 0x0000025559e20d60  738       1       jdk.internal.org.objectweb.asm.Frame::pop (53 bytes)
Event: 2.793 Thread 0x0000025559e20d60 nmethod 738 0x00000255520cf790 code [0x00000255520cf980, 0x00000255520cfc98]
Event: 2.793 Thread 0x0000025559e20d60  739       1       jdk.internal.org.objectweb.asm.MethodWriter::endCurrentBasicBlockWithNoSuccessor (94 bytes)
Event: 2.794 Thread 0x0000025559e20d60 nmethod 739 0x00000255520cff10 code [0x00000255520d00e0, 0x00000255520d0508]
Event: 2.827 Thread 0x0000025559e20d60  740       1       java.util.concurrent.ConcurrentHashMap$MapEntry::getKey (5 bytes)
Event: 2.827 Thread 0x0000025559e20d60 nmethod 740 0x00000255520d0690 code [0x00000255520d0820, 0x00000255520d08f8]
Event: 2.827 Thread 0x0000025559e20d60  741       1       java.util.concurrent.ConcurrentHashMap$MapEntry::getValue (5 bytes)
Event: 2.827 Thread 0x0000025559e20d60 nmethod 741 0x00000255520d0990 code [0x00000255520d0b20, 0x00000255520d0bf8]
Event: 2.829 Thread 0x0000025559e20d60  742       1       jdk.internal.org.objectweb.asm.MethodWriter::visitTypeInsn (116 bytes)
Event: 2.829 Thread 0x0000025559e20d60 nmethod 742 0x00000255520d0c90 code [0x00000255520d0e60, 0x00000255520d1068]
Event: 2.830 Thread 0x0000025559e20d60  743       1       java.lang.Enum::equals (11 bytes)
Event: 2.830 Thread 0x0000025559e20d60 nmethod 743 0x00000255520d1210 code [0x00000255520d13a0, 0x00000255520d1478]

GC Heap History (0 events):
No events

Dll operation events (7 events):
Event: 0.048 Loaded shared library C:\Users\mateo\Downloads\sts-4.19.1.RELEASE\plugins\org.eclipse.justj.openjdk.hotspot.jre.full.win32.x86_64_17.0.7.v20230425-1502\jre\bin\java.dll
Event: 1.753 Loaded shared library C:\Users\mateo\Downloads\sts-4.19.1.RELEASE\plugins\org.eclipse.justj.openjdk.hotspot.jre.full.win32.x86_64_17.0.7.v20230425-1502\jre\bin\jimage.dll
Event: 1.846 Loaded shared library C:\Users\mateo\Downloads\sts-4.19.1.RELEASE\plugins\org.eclipse.justj.openjdk.hotspot.jre.full.win32.x86_64_17.0.7.v20230425-1502\jre\bin\net.dll
Event: 1.852 Loaded shared library C:\Users\mateo\Downloads\sts-4.19.1.RELEASE\plugins\org.eclipse.justj.openjdk.hotspot.jre.full.win32.x86_64_17.0.7.v20230425-1502\jre\bin\nio.dll
Event: 1.863 Loaded shared library C:\Users\mateo\Downloads\sts-4.19.1.RELEASE\plugins\org.eclipse.justj.openjdk.hotspot.jre.full.win32.x86_64_17.0.7.v20230425-1502\jre\bin\zip.dll
Event: 2.056 Loaded shared library C:\Users\mateo\Downloads\sts-4.19.1.RELEASE\plugins\org.eclipse.justj.openjdk.hotspot.jre.full.win32.x86_64_17.0.7.v20230425-1502\jre\bin\management.dll
Event: 2.122 Loaded shared library C:\Users\mateo\Downloads\sts-4.19.1.RELEASE\plugins\org.eclipse.justj.openjdk.hotspot.jre.full.win32.x86_64_17.0.7.v20230425-1502\jre\bin\management_ext.dll

Deoptimization events (0 events):
No events

Classes unloaded (0 events):
No events

Classes redefined (0 events):
No events

Internal exceptions (8 events):
Event: 2.029 Thread 0x000002554ce8e7e0 Exception <a 'java/lang/NoSuchMethodError'{0x00000000c66c9620}: 'java.lang.Object java.lang.invoke.DirectMethodHandle$Holder.invokeStaticInit(java.lang.Object)'> (0x00000000c66c9620) 
thrown [s\src\hotspot\share\interpreter\linkResolver.cpp, line 759]
Event: 2.139 Thread 0x000002554ce8e7e0 Exception <a 'java/lang/NoSuchMethodError'{0x00000000c65029e0}: 'int java.lang.invoke.DirectMethodHandle$Holder.invokeInterface(java.lang.Object, java.lang.Object)'> (0x00000000c65029e0) 
thrown [s\src\hotspot\share\interpreter\linkResolver.cpp, line 759]
Event: 2.139 Thread 0x000002554ce8e7e0 Exception <a 'java/lang/IncompatibleClassChangeError'{0x00000000c6505fe0}: Found class java.lang.Object, but interface was expected> (0x00000000c6505fe0) 
thrown [s\src\hotspot\share\interpreter\linkResolver.cpp, line 826]
Event: 2.141 Thread 0x000002554ce8e7e0 Exception <a 'java/lang/NoSuchMethodError'{0x00000000c650bb90}: 'void java.lang.invoke.DirectMethodHandle$Holder.invokeStatic(java.lang.Object, java.lang.Object)'> (0x00000000c650bb90) 
thrown [s\src\hotspot\share\interpreter\linkResolver.cpp, line 759]
Event: 2.339 Thread 0x000002554ce8e7e0 Exception <a 'java/lang/NoSuchMethodError'{0x00000000c65d9b10}: 'int java.lang.invoke.DirectMethodHandle$Holder.invokeSpecial(java.lang.Object, java.lang.Object, java.lang.Object)'> (0x00000000c65d9b10) 
thrown [s\src\hotspot\share\interpreter\linkResolver.cpp, line 759]
Event: 2.525 Thread 0x000002554ce8e7e0 Exception <a 'java/lang/NoSuchMethodError'{0x00000000c64e4660}: 'void java.lang.invoke.DirectMethodHandle$Holder.invokeStatic(java.lang.Object, java.lang.Object, java.lang.Object)'> (0x00000000c64e4660) 
thrown [s\src\hotspot\share\interpreter\linkResolver.cpp, line 759]
Event: 2.709 Thread 0x000002554ce8e7e0 Exception <a 'java/lang/NoSuchMethodError'{0x00000000c632f4c8}: 'int java.lang.invoke.DirectMethodHandle$Holder.invokeSpecialIFC(java.lang.Object, java.lang.Object, java.lang.Object)'> (0x00000000c632f4c8) 
thrown [s\src\hotspot\share\interpreter\linkResolver.cpp, line 759]
Event: 2.792 Thread 0x000002554ce8e7e0 Exception <a 'java/lang/NoSuchMethodError'{0x00000000c63a5d00}: 'java.lang.Object java.lang.invoke.DirectMethodHandle$Holder.invokeStaticInit(java.lang.Object, int, int, int, int)'> (0x00000000c63a5d00) 
thrown [s\src\hotspot\share\interpreter\linkResolver.cpp, line 759]

VM Operations (10 events):
Event: 1.602 Executing VM operation: HandshakeAllThreads
Event: 1.602 Executing VM operation: HandshakeAllThreads done
Event: 1.602 Executing VM operation: Cleanup
Event: 1.602 Executing VM operation: Cleanup done
Event: 2.605 Executing VM operation: HandshakeAllThreads
Event: 2.605 Executing VM operation: HandshakeAllThreads done
Event: 2.605 Executing VM operation: Cleanup
Event: 2.606 Executing VM operation: Cleanup done
Event: 2.757 Executing VM operation: HandshakeAllThreads
Event: 2.757 Executing VM operation: HandshakeAllThreads done

Events (20 events):
Event: 2.831 loading class java/lang/constant/ConstantDescs done
Event: 2.831 loading class java/lang/constant/ClassDesc
Event: 2.831 loading class java/lang/constant/ClassDesc done
Event: 2.831 loading class java/lang/constant/ConstantUtils
Event: 2.832 loading class java/lang/constant/ConstantUtils done
Event: 2.832 loading class java/lang/constant/ReferenceClassDescImpl
Event: 2.832 loading class java/lang/constant/ReferenceClassDescImpl done
Event: 2.833 loading class java/lang/constant/DirectMethodHandleDesc$Kind
Event: 2.833 loading class java/lang/constant/DirectMethodHandleDesc$Kind done
Event: 2.833 loading class java/lang/constant/MethodTypeDesc
Event: 2.833 loading class java/lang/constant/MethodTypeDesc done
Event: 2.833 loading class java/lang/constant/MethodTypeDescImpl
Event: 2.833 loading class java/lang/constant/MethodTypeDescImpl done
Event: 2.833 loading class java/lang/constant/MethodHandleDesc
Event: 2.834 loading class java/lang/constant/MethodHandleDesc done
Event: 2.834 loading class java/lang/constant/MethodHandleDesc$1
Event: 2.834 loading class java/lang/constant/MethodHandleDesc$1 done
Event: 2.834 loading class java/lang/constant/DirectMethodHandleDescImpl
Event: 2.834 loading class java/lang/constant/DirectMethodHandleDesc
Event: 2.834 loading class java/lang/constant/DirectMethodHandleDesc done


Dynamic libraries:
0x00007ff6e59d0000 - 0x00007ff6e59de000 	C:\Users\mateo\Downloads\sts-4.19.1.RELEASE\plugins\org.eclipse.justj.openjdk.hotspot.jre.full.win32.x86_64_17.0.7.v20230425-1502\jre\bin\javaw.exe
0x00007ffcd9170000 - 0x00007ffcd9387000 	C:\WINDOWS\SYSTEM32\ntdll.dll
0x00007ffcb0c60000 - 0x00007ffcb0c79000 	C:\Program Files\Avast Software\Avast\aswhook.dll
0x00007ffcd6ed0000 - 0x00007ffcd6f94000 	C:\WINDOWS\System32\KERNEL32.DLL
0x00007ffcd6870000 - 0x00007ffcd6c16000 	C:\WINDOWS\System32\KERNELBASE.dll
0x00007ffcd64f0000 - 0x00007ffcd6601000 	C:\WINDOWS\System32\ucrtbase.dll
0x00007ffcb08a0000 - 0x00007ffcb08b7000 	C:\Users\mateo\Downloads\sts-4.19.1.RELEASE\plugins\org.eclipse.justj.openjdk.hotspot.jre.full.win32.x86_64_17.0.7.v20230425-1502\jre\bin\jli.dll
0x00007ffcd8f20000 - 0x00007ffcd90cd000 	C:\WINDOWS\System32\USER32.dll
0x00007ffcd6610000 - 0x00007ffcd6636000 	C:\WINDOWS\System32\win32u.dll
0x00007ffcd8ea0000 - 0x00007ffcd8ec9000 	C:\WINDOWS\System32\GDI32.dll
0x00007ffcd6ca0000 - 0x00007ffcd6db8000 	C:\WINDOWS\System32\gdi32full.dll
0x00007ffcd6dc0000 - 0x00007ffcd6e5a000 	C:\WINDOWS\System32\msvcp_win.dll
0x00007ffc7c3f0000 - 0x00007ffc7c409000 	C:\Users\mateo\Downloads\sts-4.19.1.RELEASE\plugins\org.eclipse.justj.openjdk.hotspot.jre.full.win32.x86_64_17.0.7.v20230425-1502\jre\bin\VCRUNTIME140.dll
0x00007ffcc0890000 - 0x00007ffcc0b23000 	C:\WINDOWS\WinSxS\amd64_microsoft.windows.common-controls_6595b64144ccf1df_6.0.22621.2361_none_2712ced57382f843\COMCTL32.dll
0x00007ffcd8070000 - 0x00007ffcd8117000 	C:\WINDOWS\System32\msvcrt.dll
0x00007ffcd8c00000 - 0x00007ffcd8c31000 	C:\WINDOWS\System32\IMM32.DLL
0x00007ffc7c3e0000 - 0x00007ffc7c3ec000 	C:\Users\mateo\Downloads\sts-4.19.1.RELEASE\plugins\org.eclipse.justj.openjdk.hotspot.jre.full.win32.x86_64_17.0.7.v20230425-1502\jre\bin\vcruntime140_1.dll
0x00007ffc7c340000 - 0x00007ffc7c3d1000 	C:\Users\mateo\Downloads\sts-4.19.1.RELEASE\plugins\org.eclipse.justj.openjdk.hotspot.jre.full.win32.x86_64_17.0.7.v20230425-1502\jre\bin\msvcp140.dll
0x00007ffc86c50000 - 0x00007ffc87898000 	C:\Users\mateo\Downloads\sts-4.19.1.RELEASE\plugins\org.eclipse.justj.openjdk.hotspot.jre.full.win32.x86_64_17.0.7.v20230425-1502\jre\bin\server\jvm.dll
0x00007ffcd8d40000 - 0x00007ffcd8df0000 	C:\WINDOWS\System32\ADVAPI32.dll
0x00007ffcd89d0000 - 0x00007ffcd8a76000 	C:\WINDOWS\System32\sechost.dll
0x00007ffcd7de0000 - 0x00007ffcd7ef7000 	C:\WINDOWS\System32\RPCRT4.dll
0x00007ffcbd7a0000 - 0x00007ffcbd7a9000 	C:\WINDOWS\SYSTEM32\WSOCK32.dll
0x00007ffcd88e0000 - 0x00007ffcd8951000 	C:\WINDOWS\System32\WS2_32.dll
0x00007ffccd3e0000 - 0x00007ffccd414000 	C:\WINDOWS\SYSTEM32\WINMM.dll
0x00007ffcc8150000 - 0x00007ffcc815a000 	C:\WINDOWS\SYSTEM32\VERSION.dll
0x00007ffcd5530000 - 0x00007ffcd5548000 	C:\WINDOWS\SYSTEM32\kernel.appcore.dll
0x00007ffcce190000 - 0x00007ffcce19a000 	C:\Users\mateo\Downloads\sts-4.19.1.RELEASE\plugins\org.eclipse.justj.openjdk.hotspot.jre.full.win32.x86_64_17.0.7.v20230425-1502\jre\bin\jimage.dll
0x00007ffcd3f30000 - 0x00007ffcd415e000 	C:\WINDOWS\SYSTEM32\DBGHELP.DLL
0x00007ffcd6fa0000 - 0x00007ffcd732a000 	C:\WINDOWS\System32\combase.dll
0x00007ffcd8800000 - 0x00007ffcd88d7000 	C:\WINDOWS\System32\OLEAUT32.dll
0x00007ffcc8060000 - 0x00007ffcc8092000 	C:\WINDOWS\SYSTEM32\dbgcore.DLL
0x00007ffcd6c20000 - 0x00007ffcd6c9a000 	C:\WINDOWS\System32\bcryptPrimitives.dll
0x00007ffcb08c0000 - 0x00007ffcb08e5000 	C:\Users\mateo\Downloads\sts-4.19.1.RELEASE\plugins\org.eclipse.justj.openjdk.hotspot.jre.full.win32.x86_64_17.0.7.v20230425-1502\jre\bin\java.dll
0x00007ffcb0880000 - 0x00007ffcb0898000 	C:\Users\mateo\Downloads\sts-4.19.1.RELEASE\plugins\org.eclipse.justj.openjdk.hotspot.jre.full.win32.x86_64_17.0.7.v20230425-1502\jre\bin\zip.dll
0x00007ffcd7580000 - 0x00007ffcd7dd8000 	C:\WINDOWS\System32\SHELL32.dll
0x00007ffcd4450000 - 0x00007ffcd4d42000 	C:\WINDOWS\SYSTEM32\windows.storage.dll
0x00007ffcd4310000 - 0x00007ffcd444e000 	C:\WINDOWS\SYSTEM32\wintypes.dll
0x00007ffcd8c40000 - 0x00007ffcd8d33000 	C:\WINDOWS\System32\SHCORE.dll
0x00007ffcd90d0000 - 0x00007ffcd912e000 	C:\WINDOWS\System32\shlwapi.dll
0x00007ffcd6420000 - 0x00007ffcd6446000 	C:\WINDOWS\SYSTEM32\profapi.dll
0x00007ffcb0310000 - 0x00007ffcb0329000 	C:\Users\mateo\Downloads\sts-4.19.1.RELEASE\plugins\org.eclipse.justj.openjdk.hotspot.jre.full.win32.x86_64_17.0.7.v20230425-1502\jre\bin\net.dll
0x00007ffccbd90000 - 0x00007ffccbec7000 	C:\WINDOWS\SYSTEM32\WINHTTP.dll
0x00007ffcd59b0000 - 0x00007ffcd5a19000 	C:\WINDOWS\system32\mswsock.dll
0x00007ffcb02f0000 - 0x00007ffcb0305000 	C:\Users\mateo\Downloads\sts-4.19.1.RELEASE\plugins\org.eclipse.justj.openjdk.hotspot.jre.full.win32.x86_64_17.0.7.v20230425-1502\jre\bin\nio.dll
0x00007ffcad2f0000 - 0x00007ffcad2f9000 	C:\Users\mateo\Downloads\sts-4.19.1.RELEASE\plugins\org.eclipse.justj.openjdk.hotspot.jre.full.win32.x86_64_17.0.7.v20230425-1502\jre\bin\management.dll
0x00007ffcad2e0000 - 0x00007ffcad2eb000 	C:\Users\mateo\Downloads\sts-4.19.1.RELEASE\plugins\org.eclipse.justj.openjdk.hotspot.jre.full.win32.x86_64_17.0.7.v20230425-1502\jre\bin\management_ext.dll
0x00007ffcd8bf0000 - 0x00007ffcd8bf8000 	C:\WINDOWS\System32\PSAPI.DLL
0x00007ffca97a0000 - 0x00007ffca97b7000 	C:\WINDOWS\system32\napinsp.dll
0x00007ffca9780000 - 0x00007ffca979b000 	C:\WINDOWS\system32\pnrpnsp.dll
0x00007ffcd5020000 - 0x00007ffcd5119000 	C:\WINDOWS\SYSTEM32\DNSAPI.dll
0x00007ffcd4fb0000 - 0x00007ffcd4fdd000 	C:\WINDOWS\SYSTEM32\IPHLPAPI.DLL
0x00007ffcd87f0000 - 0x00007ffcd87f9000 	C:\WINDOWS\System32\NSI.dll
0x00007ffca9760000 - 0x00007ffca9771000 	C:\WINDOWS\System32\winrnr.dll
0x00007ffcce150000 - 0x00007ffcce165000 	C:\WINDOWS\system32\wshbth.dll
0x00007ffca9730000 - 0x00007ffca9751000 	C:\WINDOWS\system32\nlansp_c.dll
0x00007ffcbeb20000 - 0x00007ffcbeb2a000 	C:\Windows\System32\rasadhlp.dll
0x00007ffcc86d0000 - 0x00007ffcc8754000 	C:\WINDOWS\System32\fwpuclnt.dll
0x00007ffcd5c10000 - 0x00007ffcd5c2b000 	C:\WINDOWS\SYSTEM32\CRYPTSP.dll
0x00007ffcd5490000 - 0x00007ffcd54c5000 	C:\WINDOWS\system32\rsaenh.dll
0x00007ffcd5aa0000 - 0x00007ffcd5acc000 	C:\WINDOWS\SYSTEM32\USERENV.dll
0x00007ffcd5e30000 - 0x00007ffcd5e58000 	C:\WINDOWS\SYSTEM32\bcrypt.dll
0x00007ffcd5c00000 - 0x00007ffcd5c0c000 	C:\WINDOWS\SYSTEM32\CRYPTBASE.dll

dbghelp: loaded successfully - version: 4.0.5 - missing functions: none
symbol engine: initialized successfully - sym options: 0x614 - pdb path: .;C:\Users\mateo\Downloads\sts-4.19.1.RELEASE\plugins\org.eclipse.justj.openjdk.hotspot.jre.full.win32.x86_64_17.0.7.v20230425-1502\jre\bin;C:\WINDOWS\SYSTEM32;C:\Program Files\Avast Software\Avast;C:\WINDOWS\WinSxS\amd64_microsoft.windows.common-controls_6595b64144ccf1df_6.0.22621.2361_none_2712ced57382f843;C:\Users\mateo\Downloads\sts-4.19.1.RELEASE\plugins\org.eclipse.justj.openjdk.hotspot.jre.full.win32.x86_64_17.0.7.v20230425-1502\jre\bin\server

VM Arguments:
jvm_args: -Dcom.sun.management.jmxremote -Dcom.sun.management.jmxremote.port=64831 -Dcom.sun.management.jmxremote.authenticate=false -Dcom.sun.management.jmxremote.ssl=false -Djava.rmi.server.hostname=localhost -Dspring.jmx.enabled=true -Dmanagement.endpoints.jmx.exposure.include=* -Dspring.application.admin.enabled=true -XX:TieredStopAtLevel=1 -Dspring.boot.project.name=servicio-artistas -Dfile.encoding=UTF-8 -XX:+ShowCodeDetailsInExceptionMessages 
java_command: com.appmusica.artistas.ServicioArtistasApplication --spring.output.ansi.enabled=always
java_class_path (initial): C:\Users\mateo\OneDrive\Documentos\Proyectos con jwt\servicio-artistas\target\classes;C:\Users\mateo\.m2\repository\org\springframework\boot\spring-boot-starter-data-jpa\3.1.4\spring-boot-starter-data-jpa-3.1.4.jar;C:\Users\mateo\.m2\repository\org\springframework\boot\spring-boot-starter-aop\3.1.4\spring-boot-starter-aop-3.1.4.jar;C:\Users\mateo\.m2\repository\org\springframework\spring-aop\6.0.12\spring-aop-6.0.12.jar;C:\Users\mateo\.m2\repository\org\aspectj\aspectjweaver\1.9.20\aspectjweaver-1.9.20.jar;C:\Users\mateo\.m2\repository\org\springframework\boot\spring-boot-starter-jdbc\3.1.4\spring-boot-starter-jdbc-3.1.4.jar;C:\Users\mateo\.m2\repository\com\zaxxer\HikariCP\5.0.1\HikariCP-5.0.1.jar;C:\Users\mateo\.m2\repository\org\springframework\spring-jdbc\6.0.12\spring-jdbc-6.0.12.jar;C:\Users\mateo\.m2\repository\org\hibernate\orm\hibernate-core\6.2.9.Final\hibernate-core-6.2.9.Final.jar;C:\Users\mateo\.m2\repository\jakarta\persistence\jakarta.persistence-api\3.1.0\jakarta.persistence-api-3.1.0.jar;C:\Users\mateo\.m2\repository\jakarta\transaction\jakarta.transaction-api\2.0.1\jakarta.transaction-api-2.0.1.jar;C:\Users\mateo\.m2\repository\org\jboss\logging\jboss-logging\3.5.3.Final\jboss-logging-3.5.3.Final.jar;C:\Users\mateo\.m2\repository\org\hibernate\common\hibernate-commons-annotations\6.0.6.Final\hibernate-commons-annotations-6.0.6.Final.jar;C:\Users\mateo\.m2\repository\io\smallrye\jandex\3.0.5\jandex-3.0.5.jar;C:\Users\mateo\.m2\repository\com\fasterxml\classmate\1.5.1\classmate-1.5.1.jar;C:\Users\mateo\.m2\repository\net\bytebuddy\byte-buddy\1.14.8\byte-buddy-1.14.8.jar;C:\Users\mateo\.m2\repository\org\glassfish\jaxb\jaxb-runtime\4.0.3\jaxb-runtime-4.0.3.jar;C:\Users\mateo\.m2\repository\org\glassfish\jaxb\jaxb-core\4.0.3\jaxb-core-4.0.3.jar;C:\Users\mateo\.m2\repository\org\eclipse\angus\angus-activation\2.0.1\angus-activation-2.0.1.jar;C:\Users\mateo\.m2\repository\org\glassfish\jaxb\txw2\4.0.3\txw2-4.0.3.jar;C:\Users\
Launcher Type: SUN_STANDARD

[Global flags]
     intx CICompilerCount                          = 3                                         {product} {ergonomic}
     uint ConcGCThreads                            = 1                                         {product} {ergonomic}
     uint G1ConcRefinementThreads                  = 4                                         {product} {ergonomic}
   size_t G1HeapRegionSize                         = 1048576                                   {product} {ergonomic}
    uintx GCDrainStackTargetSize                   = 64                                        {product} {ergonomic}
   size_t InitialHeapSize                          = 65011712                                  {product} {ergonomic}
     bool ManagementServer                         = true                                      {product} {command line}
   size_t MarkStackSize                            = 4194304                                   {product} {ergonomic}
   size_t MaxHeapSize                              = 1025507328                                {product} {ergonomic}
   size_t MaxNewSize                               = 614465536                                 {product} {ergonomic}
   size_t MinHeapDeltaBytes                        = 1048576                                   {product} {ergonomic}
   size_t MinHeapSize                              = 8388608                                   {product} {ergonomic}
    uintx NonProfiledCodeHeapSize                  = 0                                      {pd product} {ergonomic}
     bool ProfileInterpreter                       = false                                  {pd product} {command line}
    uintx ProfiledCodeHeapSize                     = 0                                      {pd product} {ergonomic}
     bool ShowCodeDetailsInExceptionMessages       = true                                   {manageable} {command line}
   size_t SoftMaxHeapSize                          = 1025507328                             {manageable} {ergonomic}
     intx TieredStopAtLevel                        = 1                                         {product} {command line}
     bool UseCompressedClassPointers               = true                           {product lp64_product} {ergonomic}
     bool UseCompressedOops                        = true                           {product lp64_product} {ergonomic}
     bool UseG1GC                                  = true                                      {product} {ergonomic}
     bool UseLargePagesIndividualAllocation        = false                                  {pd product} {ergonomic}

Logging:
Log output configuration:
 #0: stdout all=warning uptime,level,tags
 #1: stderr all=off uptime,level,tags

Environment Variables:
JAVA_HOME=C:\Program Files\Java\jdk-19
PATH=C:/Users/mateo/Downloads/sts-4.19.1.RELEASE//plugins/org.eclipse.justj.openjdk.hotspot.jre.full.win32.x86_64_17.0.7.v20230425-1502/jre/bin/server;C:/Users/mateo/Downloads/sts-4.19.1.RELEASE//plugins/org.eclipse.justj.openjdk.hotspot.jre.full.win32.x86_64_17.0.7.v20230425-1502/jre/bin;"C:\Program Files\Common Files\Oracle\Java\javapath;JAVA_HOME%\bin";C:\WINDOWS\system32;C:\WINDOWS;C:\WINDOWS\System32\Wbem;C:\WINDOWS\System32\WindowsPowerShell\v1.0\;C:\WINDOWS\System32\OpenSSH\;C:\Program Files\mongosh;C:\Program Files\dotnet\;C:\Users\mateo\AppData\Local\Microsoft\WindowsApps;C:\Users\mateo\AppData\Local\Programs\Git\cmd;C:\Users\mateo\AppData\Local\Programs\Microsoft VS Code\bin;C:\Users\mateo\Downloads\sts-4.19.1.RELEASE;
USERNAME=mateo
OS=Windows_NT
PROCESSOR_IDENTIFIER=Intel64 Family 6 Model 122 Stepping 8, GenuineIntel
TMP=C:\Users\mateo\AppData\Local\Temp
TEMP=C:\Users\mateo\AppData\Local\Temp



---------------  S Y S T E M  ---------------

OS:
 Windows 11 , 64 bit Build 22621 (10.0.22621.2428)
OS uptime: 0 days 1:08 hours

CPU: total 4 (initial active 4) (4 cores per cpu, 1 threads per core) family 6 model 122 stepping 8 microcode 0x1a, cx8, cmov, fxsr, mmx, 3dnowpref, sse, sse2, sse3, ssse3, sse4.1, sse4.2, popcnt, tsc, tscinvbit, aes, erms, clmul, sha, clflush, clflushopt

Memory: 4k page, system-wide physical 3910M (264M free)
TotalPageFile size 11575M (AvailPageFile size 0M)
current process WorkingSet (physical memory assigned to process): 51M, peak: 51M
current process commit charge ("private bytes"): 132M, peak: 132M

vm_info: OpenJDK 64-Bit Server VM (17.0.7+7) for windows-amd64 JRE (17.0.7+7), built on Apr 18 2023 22:10:42 by "temurin" with MS VC++ 16.7 (VS2019)

END.
