#
# There is insufficient memory for the Java Runtime Environment to continue.
# Native memory allocation (mmap) failed to map 65536 bytes for Failed to commit metaspace.
# Possible reasons:
#   The system is out of physical RAM or swap space
#   The process is running with CompressedOops enabled, and the Java Heap may be blocking the growth of the native heap
# Possible solutions:
#   Reduce memory load on the system
#   Increase physical memory or swap space
#   Check if swap backing store is full
#   Decrease Java heap size (-Xmx/-Xms)
#   Decrease number of Java threads
#   Decrease Java thread stack sizes (-Xss)
#   Set larger code cache with -XX:ReservedCodeCacheSize=
#   JVM is running with Unscaled Compressed Oops mode in which the Java heap is
#     placed in the first 4GB address space. The Java Heap base address is the
#     maximum limit for the native heap growth. Please use -XX:HeapBaseMinAddress
#     to set the Java Heap base and to place the Java Heap above 4GB virtual address.
# This output file may be truncated or incomplete.
#
#  Out of Memory Error (virtualSpaceNode.cpp:110), pid=12488, tid=8968
#
# JRE version: OpenJDK Runtime Environment Temurin-17.0.7+7 (17.0.7+7) (build 17.0.7+7)
# Java VM: OpenJDK 64-Bit Server VM Temurin-17.0.7+7 (17.0.7+7, mixed mode, emulated-client, tiered, compressed oops, compressed class ptrs, g1 gc, windows-amd64)
# No core dump will be written. Minidumps are not enabled by default on client versions of Windows
#

---------------  S U M M A R Y ------------

Command Line: -Dcom.sun.management.jmxremote -Dcom.sun.management.jmxremote.port=64064 -Dcom.sun.management.jmxremote.authenticate=false -Dcom.sun.management.jmxremote.ssl=false -Djava.rmi.server.hostname=localhost -Dspring.jmx.enabled=true -Dmanagement.endpoints.jmx.exposure.include=* -Dspring.application.admin.enabled=true -XX:TieredStopAtLevel=1 -Dspring.boot.project.name=servicio-artistas -Dfile.encoding=UTF-8 -XX:+ShowCodeDetailsInExceptionMessages com.appmusica.artistas.ServicioArtistasApplication --spring.output.ansi.enabled=always

Host: Intel(R) Pentium(R) Silver J5040 CPU @ 2.00GHz, 4 cores, 3G,  Windows 11 , 64 bit Build 22621 (10.0.22621.2428)
Time: Sat Oct 14 11:35:08 2023 Hora est. Pacífico, Sudamérica elapsed time: 21.288371 seconds (0d 0h 0m 21s)

---------------  T H R E A D  ---------------

Current thread (0x0000025e9cb73720):  JavaThread "restartedMain" [_thread_in_vm, id=8968, stack(0x000000c28e100000,0x000000c28e200000)]

Stack: [0x000000c28e100000,0x000000c28e200000]
Native frames: (J=compiled Java code, j=interpreted, Vv=VM code, C=native code)
V  [jvm.dll+0x67754a]
V  [jvm.dll+0x834304]
V  [jvm.dll+0x835aae]
V  [jvm.dll+0x836113]
V  [jvm.dll+0x24696f]
V  [jvm.dll+0x83039b]
V  [jvm.dll+0x61c006]
V  [jvm.dll+0x1c169e]
V  [jvm.dll+0x61e961]
V  [jvm.dll+0x61c9a6]
V  [jvm.dll+0x36cff2]
V  [jvm.dll+0x1e311b]
V  [jvm.dll+0x53ea79]
V  [jvm.dll+0x7afc28]
V  [jvm.dll+0x7afd14]
V  [jvm.dll+0x40de05]
V  [jvm.dll+0x413f58]
C  [java.dll+0x17ec]

Java frames: (J=compiled Java code, j=interpreted, Vv=VM code)
J 1207  java.lang.ClassLoader.defineClass1(Ljava/lang/ClassLoader;Ljava/lang/String;[BIILjava/security/ProtectionDomain;Ljava/lang/String;)Ljava/lang/Class; java.base@17.0.7 (0 bytes) @ 0x0000025e906ecedb [0x0000025e906ece20+0x00000000000000bb]
J 1239 c1 java.lang.ClassLoader.defineClass(Ljava/lang/String;[BIILjava/security/ProtectionDomain;)Ljava/lang/Class; java.base@17.0.7 (43 bytes) @ 0x0000025e906fbddc [0x0000025e906fbce0+0x00000000000000fc]
J 1243 c1 jdk.internal.loader.BuiltinClassLoader.defineClass(Ljava/lang/String;Ljdk/internal/loader/Resource;)Ljava/lang/Class; java.base@17.0.7 (121 bytes) @ 0x0000025e906fd444 [0x0000025e906fcfa0+0x00000000000004a4]
J 1230 c1 jdk.internal.loader.BuiltinClassLoader.findClassOnClassPathOrNull(Ljava/lang/String;)Ljava/lang/Class; java.base@17.0.7 (64 bytes) @ 0x0000025e906f8b44 [0x0000025e906f88a0+0x00000000000002a4]
J 1002 c1 jdk.internal.loader.BuiltinClassLoader.loadClassOrNull(Ljava/lang/String;Z)Ljava/lang/Class; java.base@17.0.7 (143 bytes) @ 0x0000025e9068f044 [0x0000025e9068ec00+0x0000000000000444]
J 1135 c1 jdk.internal.loader.ClassLoaders$AppClassLoader.loadClass(Ljava/lang/String;Z)Ljava/lang/Class; java.base@17.0.7 (40 bytes) @ 0x0000025e906d0824 [0x0000025e906d06e0+0x0000000000000144]
J 1121 c1 java.lang.ClassLoader.loadClass(Ljava/lang/String;)Ljava/lang/Class; java.base@17.0.7 (7 bytes) @ 0x0000025e906cbb64 [0x0000025e906cbb20+0x0000000000000044]
v  ~StubRoutines::call_stub
J 2920  java.lang.Class.getDeclaredMethods0(Z)[Ljava/lang/reflect/Method; java.base@17.0.7 (0 bytes) @ 0x0000025e909a8edb [0x0000025e909a8ea0+0x000000000000003b]
J 1020 c1 java.lang.Class.privateGetDeclaredMethods(Z)[Ljava/lang/reflect/Method; java.base@17.0.7 (64 bytes) @ 0x0000025e9069409c [0x0000025e90694000+0x000000000000009c]
J 3008 c1 java.lang.Class.privateGetPublicMethods()[Ljava/lang/reflect/Method; java.base@17.0.7 (224 bytes) @ 0x0000025e909c3914 [0x0000025e909c37c0+0x0000000000000154]
J 3264 c1 java.lang.Class.getMethods()[Ljava/lang/reflect/Method; java.base@17.0.7 (26 bytes) @ 0x0000025e90a35244 [0x0000025e90a351c0+0x0000000000000084]
j  org.hibernate.service.internal.AbstractServiceRegistryImpl.applyInjections(Lorg/hibernate/service/Service;)V+4
j  org.hibernate.service.internal.AbstractServiceRegistryImpl.injectDependencies(Lorg/hibernate/service/spi/ServiceBinding;)V+7
j  org.hibernate.service.internal.AbstractServiceRegistryImpl.initializeService(Lorg/hibernate/service/spi/ServiceBinding;)Lorg/hibernate/service/Service;+45
j  org.hibernate.service.internal.AbstractServiceRegistryImpl.getService(Ljava/lang/Class;)Lorg/hibernate/service/Service;+112
j  org.hibernate.boot.internal.MetadataBuilderImpl$MetadataBuildingOptionsImpl.<init>(Lorg/hibernate/boot/registry/StandardServiceRegistry;)V+266
j  org.hibernate.boot.internal.MetadataBuilderImpl.<init>(Lorg/hibernate/boot/MetadataSources;Lorg/hibernate/boot/registry/StandardServiceRegistry;)V+15
j  org.hibernate.boot.MetadataSources.getMetadataBuilder(Lorg/hibernate/boot/registry/StandardServiceRegistry;)Lorg/hibernate/boot/MetadataBuilder;+7
j  org.hibernate.jpa.boot.internal.EntityManagerFactoryBuilderImpl.<init>(Lorg/hibernate/jpa/boot/spi/PersistenceUnitDescriptor;Ljava/util/Map;Ljava/lang/ClassLoader;Lorg/hibernate/boot/registry/classloading/spi/ClassLoaderService;Ljava/util/function/Consumer;)V+193
j  org.hibernate.jpa.boot.internal.EntityManagerFactoryBuilderImpl.<init>(Lorg/hibernate/jpa/boot/spi/PersistenceUnitDescriptor;Ljava/util/Map;)V+6
j  org.springframework.orm.jpa.vendor.SpringHibernateJpaPersistenceProvider.createContainerEntityManagerFactory(Ljakarta/persistence/spi/PersistenceUnitInfo;Ljava/util/Map;)Ljakarta/persistence/EntityManagerFactory;+56
j  org.springframework.orm.jpa.LocalContainerEntityManagerFactoryBean.createNativeEntityManagerFactory()Ljakarta/persistence/EntityManagerFactory;+111
j  org.springframework.orm.jpa.AbstractEntityManagerFactoryBean.buildNativeEntityManagerFactory()Ljakarta/persistence/EntityManagerFactory;+1
j  org.springframework.orm.jpa.AbstractEntityManagerFactoryBean.afterPropertiesSet()V+192
j  org.springframework.orm.jpa.LocalContainerEntityManagerFactoryBean.afterPropertiesSet()V+84
j  org.springframework.beans.factory.support.AbstractAutowireCapableBeanFactory.invokeInitMethods(Ljava/lang/String;Ljava/lang/Object;Lorg/springframework/beans/factory/support/RootBeanDefinition;)V+56
j  org.springframework.beans.factory.support.AbstractAutowireCapableBeanFactory.initializeBean(Ljava/lang/String;Ljava/lang/Object;Lorg/springframework/beans/factory/support/RootBeanDefinition;)Ljava/lang/Object;+34
j  org.springframework.beans.factory.support.AbstractAutowireCapableBeanFactory.doCreateBean(Ljava/lang/String;Lorg/springframework/beans/factory/support/RootBeanDefinition;[Ljava/lang/Object;)Ljava/lang/Object;+228
j  org.springframework.beans.factory.support.AbstractAutowireCapableBeanFactory.createBean(Ljava/lang/String;Lorg/springframework/beans/factory/support/RootBeanDefinition;[Ljava/lang/Object;)Ljava/lang/Object;+153
j  org.springframework.beans.factory.support.AbstractBeanFactory.lambda$doGetBean$0(Ljava/lang/String;Lorg/springframework/beans/factory/support/RootBeanDefinition;[Ljava/lang/Object;)Ljava/lang/Object;+4
j  org.springframework.beans.factory.support.AbstractBeanFactory$$Lambda$364+0x00000001002d1f48.getObject()Ljava/lang/Object;+16
j  org.springframework.beans.factory.support.DefaultSingletonBeanRegistry.getSingleton(Ljava/lang/String;Lorg/springframework/beans/factory/ObjectFactory;)Ljava/lang/Object;+114
J 2565 c1 org.springframework.beans.factory.support.AbstractBeanFactory.doGetBean(Ljava/lang/String;Ljava/lang/Class;[Ljava/lang/Object;Z)Ljava/lang/Object; (714 bytes) @ 0x0000025e90913a6c [0x0000025e909134c0+0x00000000000005ac]
j  org.springframework.beans.factory.support.AbstractBeanFactory.getBean(Ljava/lang/String;)Ljava/lang/Object;+5
j  org.springframework.context.support.AbstractApplicationContext.getBean(Ljava/lang/String;)Ljava/lang/Object;+9
j  org.springframework.context.support.AbstractApplicationContext.finishBeanFactoryInitialization(Lorg/springframework/beans/factory/config/ConfigurableListableBeanFactory;)V+106
j  org.springframework.context.support.AbstractApplicationContext.refresh()V+86
j  org.springframework.boot.web.servlet.context.ServletWebServerApplicationContext.refresh()V+1
j  org.springframework.boot.SpringApplication.refresh(Lorg/springframework/context/ConfigurableApplicationContext;)V+1
j  org.springframework.boot.SpringApplication.refreshContext(Lorg/springframework/context/ConfigurableApplicationContext;)V+16
j  org.springframework.boot.SpringApplication.run([Ljava/lang/String;)Lorg/springframework/context/ConfigurableApplicationContext;+114
j  org.springframework.boot.SpringApplication.run([Ljava/lang/Class;[Ljava/lang/String;)Lorg/springframework/context/ConfigurableApplicationContext;+9
j  org.springframework.boot.SpringApplication.run(Ljava/lang/Class;[Ljava/lang/String;)Lorg/springframework/context/ConfigurableApplicationContext;+9
j  com.appmusica.artistas.ServicioArtistasApplication.main([Ljava/lang/String;)V+3
v  ~StubRoutines::call_stub
j  jdk.internal.reflect.NativeMethodAccessorImpl.invoke0(Ljava/lang/reflect/Method;Ljava/lang/Object;[Ljava/lang/Object;)Ljava/lang/Object;+0 java.base@17.0.7
j  jdk.internal.reflect.NativeMethodAccessorImpl.invoke(Ljava/lang/Object;[Ljava/lang/Object;)Ljava/lang/Object;+133 java.base@17.0.7
j  jdk.internal.reflect.DelegatingMethodAccessorImpl.invoke(Ljava/lang/Object;[Ljava/lang/Object;)Ljava/lang/Object;+6 java.base@17.0.7
j  java.lang.reflect.Method.invoke(Ljava/lang/Object;[Ljava/lang/Object;)Ljava/lang/Object;+59 java.base@17.0.7
j  org.springframework.boot.devtools.restart.RestartLauncher.run()V+47
v  ~StubRoutines::call_stub

---------------  P R O C E S S  ---------------

Threads class SMR info:
_java_thread_list=0x0000025e9d39f200, length=27, elements={
0x0000025e8ac8e800, 0x0000025e97ad4030, 0x0000025e97ad5640, 0x0000025e97b17000,
0x0000025e97b1bc90, 0x0000025e97b1e910, 0x0000025e97b202d0, 0x0000025e97b20d30,
0x0000025e97b4aeb0, 0x0000025e9c0379e0, 0x0000025e9c146060, 0x0000025e9c1988e0,
0x0000025e9c66e960, 0x0000025e9c68e570, 0x0000025e9c70f020, 0x0000025e9c6d3900,
0x0000025e9c7fb810, 0x0000025e9c8468a0, 0x0000025e9c24d430, 0x0000025e9cb73250,
0x0000025e9cb73720, 0x0000025e9cb72d80, 0x0000025e9cb70230, 0x0000025e9cb723e0,
0x0000025e9cb6fd60, 0x0000025e9cb728b0, 0x0000025e9cb70700
}

Java Threads: ( => current thread )
  0x0000025e8ac8e800 JavaThread "main" [_thread_blocked, id=5268, stack(0x000000c28c100000,0x000000c28c200000)]
  0x0000025e97ad4030 JavaThread "Reference Handler" daemon [_thread_blocked, id=11468, stack(0x000000c28c800000,0x000000c28c900000)]
  0x0000025e97ad5640 JavaThread "Finalizer" daemon [_thread_blocked, id=12152, stack(0x000000c28c900000,0x000000c28ca00000)]
  0x0000025e97b17000 JavaThread "Signal Dispatcher" daemon [_thread_blocked, id=11496, stack(0x000000c28ca00000,0x000000c28cb00000)]
  0x0000025e97b1bc90 JavaThread "Attach Listener" daemon [_thread_blocked, id=7648, stack(0x000000c28cb00000,0x000000c28cc00000)]
  0x0000025e97b1e910 JavaThread "Service Thread" daemon [_thread_blocked, id=15836, stack(0x000000c28cc00000,0x000000c28cd00000)]
  0x0000025e97b202d0 JavaThread "Monitor Deflation Thread" daemon [_thread_blocked, id=12980, stack(0x000000c28cd00000,0x000000c28ce00000)]
  0x0000025e97b20d30 JavaThread "C1 CompilerThread0" daemon [_thread_blocked, id=7120, stack(0x000000c28ce00000,0x000000c28cf00000)]
  0x0000025e97b4aeb0 JavaThread "Sweeper thread" daemon [_thread_blocked, id=15548, stack(0x000000c28cf00000,0x000000c28d000000)]
  0x0000025e9c0379e0 JavaThread "Common-Cleaner" daemon [_thread_blocked, id=11100, stack(0x000000c28d000000,0x000000c28d100000)]
  0x0000025e9c146060 JavaThread "C1 CompilerThread1" daemon [_thread_blocked, id=292, stack(0x000000c28d100000,0x000000c28d200000)]
  0x0000025e9c1988e0 JavaThread "Notification Thread" daemon [_thread_blocked, id=14256, stack(0x000000c28d200000,0x000000c28d300000)]
  0x0000025e9c66e960 JavaThread "RMI TCP Accept-0" daemon [_thread_in_native, id=13856, stack(0x000000c28d300000,0x000000c28d400000)]
  0x0000025e9c68e570 JavaThread "RMI TCP Accept-64064" daemon [_thread_in_native, id=4864, stack(0x000000c28d400000,0x000000c28d500000)]
  0x0000025e9c70f020 JavaThread "RMI TCP Connection(1)-127.0.0.1" daemon [_thread_in_native, id=12076, stack(0x000000c28d500000,0x000000c28d600000)]
  0x0000025e9c6d3900 JavaThread "RMI TCP Accept-0" daemon [_thread_in_native, id=13192, stack(0x000000c28d600000,0x000000c28d700000)]
  0x0000025e9c7fb810 JavaThread "RMI Scheduler(0)" daemon [_thread_blocked, id=3736, stack(0x000000c28d800000,0x000000c28d900000)]
  0x0000025e9c8468a0 JavaThread "RMI TCP Connection(2)-127.0.0.1" daemon [_thread_in_native, id=12936, stack(0x000000c28d900000,0x000000c28da00000)]
  0x0000025e9c24d430 JavaThread "JMX server connection timeout 21" daemon [_thread_blocked, id=12796, stack(0x000000c28df00000,0x000000c28e000000)]
  0x0000025e9cb73250 JavaThread "Thread-0" [_thread_blocked, id=13904, stack(0x000000c28e000000,0x000000c28e100000)]
=>0x0000025e9cb73720 JavaThread "restartedMain" [_thread_in_vm, id=8968, stack(0x000000c28e100000,0x000000c28e200000)]
  0x0000025e9cb72d80 JavaThread "Catalina-utility-1" [_thread_blocked, id=12648, stack(0x000000c28e200000,0x000000c28e300000)]
  0x0000025e9cb70230 JavaThread "Catalina-utility-2" [_thread_blocked, id=11936, stack(0x000000c28e300000,0x000000c28e400000)]
  0x0000025e9cb723e0 JavaThread "container-0" [_thread_blocked, id=13708, stack(0x000000c28e400000,0x000000c28e500000)]
  0x0000025e9cb6fd60 JavaThread "mysql-cj-abandoned-connection-cleanup" daemon [_thread_blocked, id=8000, stack(0x000000c28e500000,0x000000c28e600000)]
  0x0000025e9cb728b0 JavaThread "conexionArtistas housekeeper" daemon [_thread_blocked, id=12580, stack(0x000000c28e700000,0x000000c28e800000)]
  0x0000025e9cb70700 JavaThread "conexionArtistas connection adder" daemon [_thread_blocked, id=9508, stack(0x000000c28e800000,0x000000c28e900000)]

Other Threads:
  0x0000025e97a78fe0 VMThread "VM Thread" [stack: 0x000000c28c700000,0x000000c28c800000] [id=12180]
  0x0000025e8ccfa5b0 WatcherThread [stack: 0x000000c28d700000,0x000000c28d800000] [id=14376]
  0x0000025e8cd34bf0 GCTaskThread "GC Thread#0" [stack: 0x000000c28c200000,0x000000c28c300000] [id=13380]
  0x0000025e9c81a280 GCTaskThread "GC Thread#1" [stack: 0x000000c28da00000,0x000000c28db00000] [id=2152]
  0x0000025e9c8cdff0 GCTaskThread "GC Thread#2" [stack: 0x000000c28db00000,0x000000c28dc00000] [id=764]
  0x0000025e9c8ce2a0 GCTaskThread "GC Thread#3" [stack: 0x000000c28dc00000,0x000000c28dd00000] [id=13576]
  0x0000025e8cd3d570 ConcurrentGCThread "G1 Main Marker" [stack: 0x000000c28c300000,0x000000c28c400000] [id=11720]
  0x0000025e8cd3df80 ConcurrentGCThread "G1 Conc#0" [stack: 0x000000c28c400000,0x000000c28c500000] [id=4296]
  0x0000025e8cd79ba0 ConcurrentGCThread "G1 Refine#0" [stack: 0x000000c28c500000,0x000000c28c600000] [id=4236]
  0x0000025e9c8ce550 ConcurrentGCThread "G1 Refine#1" [stack: 0x000000c28dd00000,0x000000c28de00000] [id=13084]
  0x0000025e9c8ce830 ConcurrentGCThread "G1 Refine#2" [stack: 0x000000c28de00000,0x000000c28df00000] [id=8044]
  0x0000025e8cd7a5c0 ConcurrentGCThread "G1 Service" [stack: 0x000000c28c600000,0x000000c28c700000] [id=1584]

Threads with active compile tasks:

VM state: not at safepoint (normal execution)

VM Mutex/Monitor currently owned by a thread:  ([mutex/lock_event])
[0x0000025e8ccf73c0] Metaspace_lock - owner thread: 0x0000025e9cb73720

Heap address: 0x00000000c2e00000, size: 978 MB, Compressed Oops mode: 32-bit

CDS archive(s) not mapped
Compressed class space mapped at: 0x0000000100000000-0x0000000140000000, reserved size: 1073741824
Narrow klass base: 0x0000000000000000, Narrow klass shift: 3, Narrow klass range: 0x140000000

GC Precious Log:
 CPUs: 4 total, 4 available
 Memory: 3910M
 Large Page Support: Disabled
 NUMA Support: Disabled
 Compressed Oops: Enabled (32-bit)
 Heap Region Size: 1M
 Heap Min Capacity: 8M
 Heap Initial Capacity: 62M
 Heap Max Capacity: 978M
 Pre-touch: Disabled
 Parallel Workers: 4
 Concurrent Workers: 1
 Concurrent Refinement Workers: 4
 Periodic GC: Disabled

Heap:
 garbage-first heap   total 46080K, used 19672K [0x00000000c2e00000, 0x0000000100000000)
  region size 1024K, 4 young (4096K), 3 survivors (3072K)
 Metaspace       used 42338K, committed 42816K, reserved 1114112K
  class space    used 5347K, committed 5568K, reserved 1048576K

Heap Regions: E=young(eden), S=young(survivor), O=old, HS=humongous(starts), HC=humongous(continues), CS=collection set, F=free, OA=open archive, CA=closed archive, TAMS=top-at-mark-start (previous, next)
|   0|0x00000000c2e00000, 0x00000000c2f00000, 0x00000000c2f00000|100%|HS|  |TAMS 0x00000000c2f00000, 0x00000000c2e00000| Complete 
|   1|0x00000000c2f00000, 0x00000000c3000000, 0x00000000c3000000|100%| O|  |TAMS 0x00000000c3000000, 0x00000000c2f00000| Untracked 
|   2|0x00000000c3000000, 0x00000000c3100000, 0x00000000c3100000|100%| O|  |TAMS 0x00000000c3100000, 0x00000000c3000000| Untracked 
|   3|0x00000000c3100000, 0x00000000c3200000, 0x00000000c3200000|100%| O|  |TAMS 0x00000000c3200000, 0x00000000c3100000| Untracked 
|   4|0x00000000c3200000, 0x00000000c3300000, 0x00000000c3300000|100%| O|  |TAMS 0x00000000c3300000, 0x00000000c3200000| Untracked 
|   5|0x00000000c3300000, 0x00000000c3400000, 0x00000000c3400000|100%| O|  |TAMS 0x00000000c3400000, 0x00000000c3300000| Untracked 
|   6|0x00000000c3400000, 0x00000000c3496600, 0x00000000c3500000| 58%| O|  |TAMS 0x00000000c3496600, 0x00000000c3400000| Untracked 
|   7|0x00000000c3500000, 0x00000000c3600000, 0x00000000c3600000|100%| O|  |TAMS 0x00000000c3600000, 0x00000000c3500000| Untracked 
|   8|0x00000000c3600000, 0x00000000c3700000, 0x00000000c3700000|100%| O|  |TAMS 0x00000000c3700000, 0x00000000c3600000| Untracked 
|   9|0x00000000c3700000, 0x00000000c3800000, 0x00000000c3800000|100%| O|  |TAMS 0x00000000c3800000, 0x00000000c3700000| Untracked 
|  10|0x00000000c3800000, 0x00000000c3900000, 0x00000000c3900000|100%| O|  |TAMS 0x00000000c3900000, 0x00000000c3800000| Untracked 
|  11|0x00000000c3900000, 0x00000000c3a00000, 0x00000000c3a00000|100%| O|  |TAMS 0x00000000c3a00000, 0x00000000c3900000| Untracked 
|  12|0x00000000c3a00000, 0x00000000c3b00000, 0x00000000c3b00000|100%| O|  |TAMS 0x00000000c3b00000, 0x00000000c3a00000| Untracked 
|  13|0x00000000c3b00000, 0x00000000c3c00000, 0x00000000c3c00000|100%| O|  |TAMS 0x00000000c3c00000, 0x00000000c3b00000| Untracked 
|  14|0x00000000c3c00000, 0x00000000c3d00000, 0x00000000c3d00000|100%| O|  |TAMS 0x00000000c3c82e00, 0x00000000c3c00000| Untracked 
|  15|0x00000000c3d00000, 0x00000000c3e00000, 0x00000000c3e00000|100%| O|  |TAMS 0x00000000c3d00000, 0x00000000c3d00000| Untracked 
|  16|0x00000000c3e00000, 0x00000000c3eede00, 0x00000000c3f00000| 92%| O|  |TAMS 0x00000000c3e00000, 0x00000000c3e00000| Untracked 
|  17|0x00000000c3f00000, 0x00000000c3f00000, 0x00000000c4000000|  0%| F|  |TAMS 0x00000000c3f00000, 0x00000000c3f00000| Untracked 
|  18|0x00000000c4000000, 0x00000000c4000000, 0x00000000c4100000|  0%| F|  |TAMS 0x00000000c4000000, 0x00000000c4000000| Untracked 
|  19|0x00000000c4100000, 0x00000000c4100000, 0x00000000c4200000|  0%| F|  |TAMS 0x00000000c4100000, 0x00000000c4100000| Untracked 
|  20|0x00000000c4200000, 0x00000000c4200000, 0x00000000c4300000|  0%| F|  |TAMS 0x00000000c4200000, 0x00000000c4200000| Untracked 
|  21|0x00000000c4300000, 0x00000000c4300000, 0x00000000c4400000|  0%| F|  |TAMS 0x00000000c4300000, 0x00000000c4300000| Untracked 
|  22|0x00000000c4400000, 0x00000000c4400000, 0x00000000c4500000|  0%| F|  |TAMS 0x00000000c4400000, 0x00000000c4400000| Untracked 
|  23|0x00000000c4500000, 0x00000000c4500000, 0x00000000c4600000|  0%| F|  |TAMS 0x00000000c4500000, 0x00000000c4500000| Untracked 
|  24|0x00000000c4600000, 0x00000000c4600000, 0x00000000c4700000|  0%| F|  |TAMS 0x00000000c4600000, 0x00000000c4600000| Untracked 
|  25|0x00000000c4700000, 0x00000000c4700000, 0x00000000c4800000|  0%| F|  |TAMS 0x00000000c4700000, 0x00000000c4700000| Untracked 
|  26|0x00000000c4800000, 0x00000000c48b1c88, 0x00000000c4900000| 69%| S|CS|TAMS 0x00000000c4800000, 0x00000000c4800000| Complete 
|  27|0x00000000c4900000, 0x00000000c4a00000, 0x00000000c4a00000|100%| S|CS|TAMS 0x00000000c4900000, 0x00000000c4900000| Complete 
|  28|0x00000000c4a00000, 0x00000000c4b00000, 0x00000000c4b00000|100%| S|CS|TAMS 0x00000000c4a00000, 0x00000000c4a00000| Complete 
|  29|0x00000000c4b00000, 0x00000000c4b00000, 0x00000000c4c00000|  0%| F|  |TAMS 0x00000000c4b00000, 0x00000000c4b00000| Untracked 
|  30|0x00000000c4c00000, 0x00000000c4c00000, 0x00000000c4d00000|  0%| F|  |TAMS 0x00000000c4c00000, 0x00000000c4c00000| Untracked 
|  31|0x00000000c4d00000, 0x00000000c4d00000, 0x00000000c4e00000|  0%| F|  |TAMS 0x00000000c4d00000, 0x00000000c4d00000| Untracked 
|  32|0x00000000c4e00000, 0x00000000c4e00000, 0x00000000c4f00000|  0%| F|  |TAMS 0x00000000c4e00000, 0x00000000c4e00000| Untracked 
|  33|0x00000000c4f00000, 0x00000000c4f00000, 0x00000000c5000000|  0%| F|  |TAMS 0x00000000c4f00000, 0x00000000c4f00000| Untracked 
|  34|0x00000000c5000000, 0x00000000c5000000, 0x00000000c5100000|  0%| F|  |TAMS 0x00000000c5000000, 0x00000000c5000000| Untracked 
|  35|0x00000000c5100000, 0x00000000c5100000, 0x00000000c5200000|  0%| F|  |TAMS 0x00000000c5100000, 0x00000000c5100000| Untracked 
|  36|0x00000000c5200000, 0x00000000c5200000, 0x00000000c5300000|  0%| F|  |TAMS 0x00000000c5200000, 0x00000000c5200000| Untracked 
|  37|0x00000000c5300000, 0x00000000c5300000, 0x00000000c5400000|  0%| F|  |TAMS 0x00000000c5300000, 0x00000000c5300000| Untracked 
|  38|0x00000000c5400000, 0x00000000c5400000, 0x00000000c5500000|  0%| F|  |TAMS 0x00000000c5400000, 0x00000000c5400000| Untracked 
|  39|0x00000000c5500000, 0x00000000c5500000, 0x00000000c5600000|  0%| F|  |TAMS 0x00000000c5500000, 0x00000000c5500000| Untracked 
|  40|0x00000000c5600000, 0x00000000c5600000, 0x00000000c5700000|  0%| F|  |TAMS 0x00000000c5600000, 0x00000000c5600000| Untracked 
|  52|0x00000000c6200000, 0x00000000c6200000, 0x00000000c6300000|  0%| F|  |TAMS 0x00000000c6200000, 0x00000000c6200000| Untracked 
|  53|0x00000000c6300000, 0x00000000c6300000, 0x00000000c6400000|  0%| F|  |TAMS 0x00000000c6300000, 0x00000000c6300000| Untracked 
|  54|0x00000000c6400000, 0x00000000c6400000, 0x00000000c6500000|  0%| F|  |TAMS 0x00000000c6400000, 0x00000000c6400000| Untracked 
|  61|0x00000000c6b00000, 0x00000000c6b90e10, 0x00000000c6c00000| 56%| E|  |TAMS 0x00000000c6b00000, 0x00000000c6b00000| Complete 

Card table byte_map: [0x0000025e933a0000,0x0000025e93590000] _byte_map_base: 0x0000025e92d89000

Marking Bits (Prev, Next): (CMBitMap*) 0x0000025e8cd35200, (CMBitMap*) 0x0000025e8cd35240
 Prev Bits: [0x0000025e93780000, 0x0000025e946c8000)
 Next Bits: [0x0000025e946d0000, 0x0000025e95618000)

Polling page: 0x0000025e8c4b0000

Metaspace:

Usage:
  Non-class:     36.12 MB used.
      Class:      5.22 MB used.
       Both:     41.35 MB used.

Virtual space:
  Non-class space:       64.00 MB reserved,      36.38 MB ( 57%) committed,  1 nodes.
      Class space:        1.00 GB reserved,       5.44 MB ( <1%) committed,  1 nodes.
             Both:        1.06 GB reserved,      41.81 MB (  4%) committed. 

Chunk freelists:
   Non-Class:  11.23 MB
       Class:  10.36 MB
        Both:  21.59 MB

MaxMetaspaceSize: unlimited
CompressedClassSpaceSize: 1.00 GB
Initial GC threshold: 21.00 MB
Current GC threshold: 58.88 MB
CDS: off
MetaspaceReclaimPolicy: balanced
 - commit_granule_bytes: 65536.
 - commit_granule_words: 8192.
 - virtual_space_node_default_size: 8388608.
 - enlarge_chunks_in_place: 1.
 - new_chunks_are_fully_committed: 0.
 - uncommit_free_chunks: 1.
 - use_allocation_guard: 0.
 - handle_deallocations: 1.


Internal statistics:

num_allocs_failed_limit: 8.
num_arena_births: 622.
num_arena_deaths: 0.
num_vsnodes_births: 2.
num_vsnodes_deaths: 0.
num_space_committed: 669.
num_space_uncommitted: 0.
num_chunks_returned_to_freelist: 8.
num_chunks_taken_from_freelist: 1859.
num_chunk_merges: 8.
num_chunk_splits: 1266.
num_chunks_enlarged: 898.
num_inconsistent_stats: 0.

CodeCache: size=49152Kb used=7654Kb max_used=7654Kb free=41497Kb
 bounds [0x0000025e903a0000, 0x0000025e90b20000, 0x0000025e933a0000]
 total_blobs=4379 nmethods=3835 adapters=471
 compilation: enabled
              stopped_count=0, restarted_count=0
 full_count=0

Compilation events (20 events):
Event: 20.959 Thread 0x0000025e9c146060 3829       1       java.io.ObjectStreamField::getTypeString (16 bytes)
Event: 20.960 Thread 0x0000025e9c146060 nmethod 3829 0x0000025e90b17510 code [0x0000025e90b176e0, 0x0000025e90b178f8]
Event: 20.960 Thread 0x0000025e97b20d30 3830       1       java.io.ObjectOutputStream::writeTypeString (40 bytes)
Event: 20.962 Thread 0x0000025e97b20d30 nmethod 3830 0x0000025e90b17a90 code [0x0000025e90b17c60, 0x0000025e90b17e68]
Event: 21.013 Thread 0x0000025e97b20d30 3831       1       com.mysql.cj.conf.DefaultPropertySet::getBooleanProperty (6 bytes)
Event: 21.013 Thread 0x0000025e97b20d30 nmethod 3831 0x0000025e90b18010 code [0x0000025e90b181a0, 0x0000025e90b18288]
Event: 21.033 Thread 0x0000025e9c146060 3832       1       java.util.zip.ZipFile$Source::getEntryPos (9 bytes)
Event: 21.033 Thread 0x0000025e97b20d30 3833       1       java.util.Collection::stream (11 bytes)
Event: 21.033 Thread 0x0000025e9c146060 nmethod 3832 0x0000025e90b18310 code [0x0000025e90b184a0, 0x0000025e90b18598]
Event: 21.033 Thread 0x0000025e9c146060 3834       1       java.util.Collections$EmptyEnumeration::hasMoreElements (2 bytes)
Event: 21.033 Thread 0x0000025e9c146060 nmethod 3834 0x0000025e90b18690 code [0x0000025e90b18820, 0x0000025e90b188f8]
Event: 21.033 Thread 0x0000025e9c146060 3835       1       jdk.internal.loader.ClassLoaders::bootLoader (4 bytes)
Event: 21.033 Thread 0x0000025e97b20d30 nmethod 3833 0x0000025e90b18990 code [0x0000025e90b18b60, 0x0000025e90b18db8]
Event: 21.033 Thread 0x0000025e9c146060 nmethod 3835 0x0000025e90b18f10 code [0x0000025e90b190a0, 0x0000025e90b19158]
Event: 21.135 Thread 0x0000025e9c146060 3836       1       java.time.temporal.ValueRange::getMinimum (5 bytes)
Event: 21.135 Thread 0x0000025e97b20d30 3837       1       java.time.temporal.ValueRange::getMaximum (5 bytes)
Event: 21.136 Thread 0x0000025e9c146060 nmethod 3836 0x0000025e90b19210 code [0x0000025e90b193a0, 0x0000025e90b19478]
Event: 21.136 Thread 0x0000025e97b20d30 nmethod 3837 0x0000025e90b19510 code [0x0000025e90b196a0, 0x0000025e90b19778]
Event: 21.215 Thread 0x0000025e97b20d30 3838       1       jdk.internal.loader.URLClassPath$1::hasMoreElements (5 bytes)
Event: 21.215 Thread 0x0000025e97b20d30 nmethod 3838 0x0000025e90b19810 code [0x0000025e90b199a0, 0x0000025e90b19a88]

GC Heap History (20 events):
Event: 11.432 GC heap before
{Heap before GC invocations=3 (full 0):
 garbage-first heap   total 63488K, used 14199K [0x00000000c2e00000, 0x0000000100000000)
  region size 1024K, 10 young (10240K), 3 survivors (3072K)
 Metaspace       used 21263K, committed 21504K, reserved 1114112K
  class space    used 2472K, committed 2560K, reserved 1048576K
}
Event: 11.438 GC heap after
{Heap after GC invocations=4 (full 0):
 garbage-first heap   total 63488K, used 9375K [0x00000000c2e00000, 0x0000000100000000)
  region size 1024K, 3 young (3072K), 3 survivors (3072K)
 Metaspace       used 21263K, committed 21504K, reserved 1114112K
  class space    used 2472K, committed 2560K, reserved 1048576K
}
Event: 12.228 GC heap before
{Heap before GC invocations=5 (full 0):
 garbage-first heap   total 37888K, used 26783K [0x00000000c2e00000, 0x0000000100000000)
  region size 1024K, 22 young (22528K), 3 survivors (3072K)
 Metaspace       used 25820K, committed 26048K, reserved 1114112K
  class space    used 3029K, committed 3136K, reserved 1048576K
}
Event: 12.236 GC heap after
{Heap after GC invocations=6 (full 0):
 garbage-first heap   total 37888K, used 10534K [0x00000000c2e00000, 0x0000000100000000)
  region size 1024K, 4 young (4096K), 4 survivors (4096K)
 Metaspace       used 25820K, committed 26048K, reserved 1114112K
  class space    used 3029K, committed 3136K, reserved 1048576K
}
Event: 12.925 GC heap before
{Heap before GC invocations=6 (full 0):
 garbage-first heap   total 37888K, used 23846K [0x00000000c2e00000, 0x0000000100000000)
  region size 1024K, 18 young (18432K), 4 survivors (4096K)
 Metaspace       used 27604K, committed 27904K, reserved 1114112K
  class space    used 3293K, committed 3456K, reserved 1048576K
}
Event: 12.933 GC heap after
{Heap after GC invocations=7 (full 0):
 garbage-first heap   total 37888K, used 11960K [0x00000000c2e00000, 0x0000000100000000)
  region size 1024K, 3 young (3072K), 3 survivors (3072K)
 Metaspace       used 27604K, committed 27904K, reserved 1114112K
  class space    used 3293K, committed 3456K, reserved 1048576K
}
Event: 14.409 GC heap before
{Heap before GC invocations=7 (full 0):
 garbage-first heap   total 37888K, used 25272K [0x00000000c2e00000, 0x0000000100000000)
  region size 1024K, 16 young (16384K), 3 survivors (3072K)
 Metaspace       used 28268K, committed 28608K, reserved 1114112K
  class space    used 3405K, committed 3584K, reserved 1048576K
}
Event: 14.417 GC heap after
{Heap after GC invocations=8 (full 0):
 garbage-first heap   total 37888K, used 12800K [0x00000000c2e00000, 0x0000000100000000)
  region size 1024K, 2 young (2048K), 2 survivors (2048K)
 Metaspace       used 28268K, committed 28608K, reserved 1114112K
  class space    used 3405K, committed 3584K, reserved 1048576K
}
Event: 16.032 GC heap before
{Heap before GC invocations=8 (full 0):
 garbage-first heap   total 37888K, used 26112K [0x00000000c2e00000, 0x0000000100000000)
  region size 1024K, 15 young (15360K), 2 survivors (2048K)
 Metaspace       used 30165K, committed 30528K, reserved 1114112K
  class space    used 3679K, committed 3840K, reserved 1048576K
}
Event: 16.037 GC heap after
{Heap after GC invocations=9 (full 0):
 garbage-first heap   total 37888K, used 13361K [0x00000000c2e00000, 0x0000000100000000)
  region size 1024K, 2 young (2048K), 2 survivors (2048K)
 Metaspace       used 30165K, committed 30528K, reserved 1114112K
  class space    used 3679K, committed 3840K, reserved 1048576K
}
Event: 16.912 GC heap before
{Heap before GC invocations=9 (full 0):
 garbage-first heap   total 37888K, used 27697K [0x00000000c2e00000, 0x0000000100000000)
  region size 1024K, 16 young (16384K), 2 survivors (2048K)
 Metaspace       used 32134K, committed 32576K, reserved 1114112K
  class space    used 4005K, committed 4224K, reserved 1048576K
}
Event: 16.922 GC heap after
{Heap after GC invocations=10 (full 0):
 garbage-first heap   total 37888K, used 14484K [0x00000000c2e00000, 0x0000000100000000)
  region size 1024K, 2 young (2048K), 2 survivors (2048K)
 Metaspace       used 32134K, committed 32576K, reserved 1114112K
  class space    used 4005K, committed 4224K, reserved 1048576K
}
Event: 17.665 GC heap before
{Heap before GC invocations=10 (full 0):
 garbage-first heap   total 37888K, used 27796K [0x00000000c2e00000, 0x0000000100000000)
  region size 1024K, 15 young (15360K), 2 survivors (2048K)
 Metaspace       used 34141K, committed 34560K, reserved 1114112K
  class space    used 4343K, committed 4544K, reserved 1048576K
}
Event: 17.670 GC heap after
{Heap after GC invocations=11 (full 0):
 garbage-first heap   total 46080K, used 16024K [0x00000000c2e00000, 0x0000000100000000)
  region size 1024K, 2 young (2048K), 2 survivors (2048K)
 Metaspace       used 34141K, committed 34560K, reserved 1114112K
  class space    used 4343K, committed 4544K, reserved 1048576K
}
Event: 18.233 GC heap before
{Heap before GC invocations=11 (full 0):
 garbage-first heap   total 46080K, used 24216K [0x00000000c2e00000, 0x0000000100000000)
  region size 1024K, 12 young (12288K), 2 survivors (2048K)
 Metaspace       used 35546K, committed 35968K, reserved 1114112K
  class space    used 4495K, committed 4736K, reserved 1048576K
}
Event: 18.240 GC heap after
{Heap after GC invocations=12 (full 0):
 garbage-first heap   total 46080K, used 16948K [0x00000000c2e00000, 0x0000000100000000)
  region size 1024K, 3 young (3072K), 3 survivors (3072K)
 Metaspace       used 35546K, committed 35968K, reserved 1114112K
  class space    used 4495K, committed 4736K, reserved 1048576K
}
Event: 19.388 GC heap before
{Heap before GC invocations=13 (full 0):
 garbage-first heap   total 46080K, used 33332K [0x00000000c2e00000, 0x0000000100000000)
  region size 1024K, 19 young (19456K), 3 survivors (3072K)
 Metaspace       used 38022K, committed 38464K, reserved 1114112K
  class space    used 4826K, committed 4992K, reserved 1048576K
}
Event: 19.400 GC heap after
{Heap after GC invocations=14 (full 0):
 garbage-first heap   total 46080K, used 18463K [0x00000000c2e00000, 0x0000000100000000)
  region size 1024K, 3 young (3072K), 3 survivors (3072K)
 Metaspace       used 38022K, committed 38464K, reserved 1114112K
  class space    used 4826K, committed 4992K, reserved 1048576K
}
Event: 21.244 GC heap before
{Heap before GC invocations=14 (full 0):
 garbage-first heap   total 46080K, used 33823K [0x00000000c2e00000, 0x0000000100000000)
  region size 1024K, 19 young (19456K), 3 survivors (3072K)
 Metaspace       used 42258K, committed 42752K, reserved 1114112K
  class space    used 5331K, committed 5568K, reserved 1048576K
}
Event: 21.251 GC heap after
{Heap after GC invocations=15 (full 0):
 garbage-first heap   total 46080K, used 19672K [0x00000000c2e00000, 0x0000000100000000)
  region size 1024K, 3 young (3072K), 3 survivors (3072K)
 Metaspace       used 42258K, committed 42752K, reserved 1114112K
  class space    used 5331K, committed 5568K, reserved 1048576K
}

Dll operation events (8 events):
Event: 0.665 Loaded shared library C:\Users\mateo\Downloads\sts-4.19.1.RELEASE\plugins\org.eclipse.justj.openjdk.hotspot.jre.full.win32.x86_64_17.0.7.v20230425-1502\jre\bin\java.dll
Event: 4.245 Loaded shared library C:\Users\mateo\Downloads\sts-4.19.1.RELEASE\plugins\org.eclipse.justj.openjdk.hotspot.jre.full.win32.x86_64_17.0.7.v20230425-1502\jre\bin\jimage.dll
Event: 4.380 Loaded shared library C:\Users\mateo\Downloads\sts-4.19.1.RELEASE\plugins\org.eclipse.justj.openjdk.hotspot.jre.full.win32.x86_64_17.0.7.v20230425-1502\jre\bin\net.dll
Event: 4.434 Loaded shared library C:\Users\mateo\Downloads\sts-4.19.1.RELEASE\plugins\org.eclipse.justj.openjdk.hotspot.jre.full.win32.x86_64_17.0.7.v20230425-1502\jre\bin\nio.dll
Event: 4.446 Loaded shared library C:\Users\mateo\Downloads\sts-4.19.1.RELEASE\plugins\org.eclipse.justj.openjdk.hotspot.jre.full.win32.x86_64_17.0.7.v20230425-1502\jre\bin\zip.dll
Event: 5.964 Loaded shared library C:\Users\mateo\Downloads\sts-4.19.1.RELEASE\plugins\org.eclipse.justj.openjdk.hotspot.jre.full.win32.x86_64_17.0.7.v20230425-1502\jre\bin\management.dll
Event: 6.219 Loaded shared library C:\Users\mateo\Downloads\sts-4.19.1.RELEASE\plugins\org.eclipse.justj.openjdk.hotspot.jre.full.win32.x86_64_17.0.7.v20230425-1502\jre\bin\management_ext.dll
Event: 18.160 Loaded shared library C:\Users\mateo\Downloads\sts-4.19.1.RELEASE\plugins\org.eclipse.justj.openjdk.hotspot.jre.full.win32.x86_64_17.0.7.v20230425-1502\jre\bin\sunmscapi.dll

Deoptimization events (6 events):
Event: 11.846 Thread 0x0000025e9cb73720 DEOPT PACKING pc=0x0000025e90823299 sp=0x000000c28e1fcb00
Event: 11.846 Thread 0x0000025e9cb73720 DEOPT UNPACKING pc=0x0000025e903f7124 sp=0x000000c28e1fbfe0 mode 3
Event: 12.296 Thread 0x0000025e9cb73720 DEOPT PACKING pc=0x0000025e90886655 sp=0x000000c28e1fd120
Event: 12.296 Thread 0x0000025e9cb73720 DEOPT UNPACKING pc=0x0000025e903f7124 sp=0x000000c28e1fc5c8 mode 3
Event: 17.798 Thread 0x0000025e9cb73720 DEOPT PACKING pc=0x0000025e90a865fd sp=0x000000c28e1fc9a0
Event: 17.799 Thread 0x0000025e9cb73720 DEOPT UNPACKING pc=0x0000025e903f7124 sp=0x000000c28e1fbf08 mode 3

Classes unloaded (0 events):
No events

Classes redefined (0 events):
No events

Internal exceptions (20 events):
Event: 16.867 Thread 0x0000025e9cb73720 Exception <a 'java/lang/NoSuchMethodError'{0x00000000c454a978}: 'void java.lang.invoke.DirectMethodHandle$Holder.invokeSpecial(java.lang.Object, java.lang.Object, java.lang.Object, java.lang.Object, java.lang.Object, java.lang.Object)'> (0x00000000c454a978) 
thrown [s\src\hotspot\share\interpreter\linkResolver.cpp, line 759]
Event: 17.449 Thread 0x0000025e9cb73720 Exception <a 'java/lang/NoSuchMethodError'{0x00000000c4a2ff30}: 'void java.lang.invoke.DirectMethodHandle$Holder.invokeInterface(java.lang.Object, java.lang.Object, int)'> (0x00000000c4a2ff30) 
thrown [s\src\hotspot\share\interpreter\linkResolver.cpp, line 759]
Event: 17.457 Thread 0x0000025e9cb73720 Exception <a 'java/lang/IncompatibleClassChangeError'{0x00000000c4a7fae8}: Found class java.lang.Object, but interface was expected> (0x00000000c4a7fae8) 
thrown [s\src\hotspot\share\interpreter\linkResolver.cpp, line 826]
Event: 17.459 Thread 0x0000025e9cb73720 Exception <a 'java/lang/NoSuchMethodError'{0x00000000c4a98558}: 'void java.lang.invoke.DirectMethodHandle$Holder.invokeStatic(java.lang.Object, int, java.lang.Object)'> (0x00000000c4a98558) 
thrown [s\src\hotspot\share\interpreter\linkResolver.cpp, line 759]
Event: 17.467 Thread 0x0000025e9cb73720 Exception <a 'java/lang/NoSuchMethodError'{0x00000000c4ad50a8}: 'void java.lang.invoke.DirectMethodHandle$Holder.invokeVirtual(java.lang.Object, java.lang.Object, int)'> (0x00000000c4ad50a8) 
thrown [s\src\hotspot\share\interpreter\linkResolver.cpp, line 759]
Event: 17.468 Thread 0x0000025e9cb73720 Exception <a 'java/lang/NoSuchMethodError'{0x00000000c4adb2f0}: 'void java.lang.invoke.DirectMethodHandle$Holder.invokeStatic(java.lang.Object, java.lang.Object, java.lang.Object, int, java.lang.Object)'> (0x00000000c4adb2f0) 
thrown [s\src\hotspot\share\interpreter\linkResolver.cpp, line 759]
Event: 17.469 Thread 0x0000025e9cb73720 Exception <a 'java/lang/NoSuchMethodError'{0x00000000c4ae27f8}: 'java.lang.Object java.lang.invoke.DirectMethodHandle$Holder.newInvokeSpecial(java.lang.Object, java.lang.Object, java.lang.Object, int)'> (0x00000000c4ae27f8) 
thrown [s\src\hotspot\share\interpreter\linkResolver.cpp, line 759]
Event: 17.469 Thread 0x0000025e9cb73720 Exception <a 'java/lang/NoSuchMethodError'{0x00000000c4ae6ae0}: 'java.lang.Object java.lang.invoke.DirectMethodHandle$Holder.invokeSpecial(java.lang.Object, java.lang.Object, java.lang.Object, java.lang.Object, int)'> (0x00000000c4ae6ae0) 
thrown [s\src\hotspot\share\interpreter\linkResolver.cpp, line 759]
Event: 17.470 Thread 0x0000025e9cb73720 Exception <a 'java/lang/NoSuchMethodError'{0x00000000c4aea790}: 'java.lang.Object java.lang.invoke.Invokers$Holder.linkToTargetMethod(java.lang.Object, java.lang.Object, int, java.lang.Object)'> (0x00000000c4aea790) 
thrown [s\src\hotspot\share\interpreter\linkResolver.cpp, line 759]
Event: 18.215 Thread 0x0000025e9cb73720 Exception <a 'sun/nio/fs/WindowsException'{0x00000000c513a6f0}> (0x00000000c513a6f0) 
thrown [s\src\hotspot\share\prims\jni.cpp, line 516]
Event: 18.217 Thread 0x0000025e9cb73720 Exception <a 'sun/nio/fs/WindowsException'{0x00000000c51400e8}> (0x00000000c51400e8) 
thrown [s\src\hotspot\share\prims\jni.cpp, line 516]
Event: 18.218 Thread 0x0000025e9cb73720 Exception <a 'sun/nio/fs/WindowsException'{0x00000000c51407c0}> (0x00000000c51407c0) 
thrown [s\src\hotspot\share\prims\jni.cpp, line 516]
Event: 18.297 Thread 0x0000025e9cb73720 Exception <a 'java/lang/NoSuchMethodError'{0x00000000c6bba670}: 'java.lang.Object java.lang.invoke.DirectMethodHandle$Holder.invokeSpecial(java.lang.Object, java.lang.Object, long, java.lang.Object, java.lang.Object, java.lang.Object, java.lang.Object, java.lang.Object, java.lang.Object)'> (0x00000000c6bba670) 
thrown [s\src\hotspot\share\interpreter\linkResolver.cpp, line 759]
Event: 18.297 Thread 0x0000025e9cb73720 Exception <a 'java/lang/NoSuchMethodError'{0x00000000c6bbf198}: 'java.lang.Object java.lang.invoke.DelegatingMethodHandle$Holder.reinvoke_L(java.lang.Object, long, java.lang.Object, java.lang.Object, java.lang.Object, java.lang.Object, java.lang.Object, java.lang.Object)'> (0x00000000c6bbf198) 
thrown [s\src\hotspot\share\interpreter\linkResolver.cpp, line 759]
Event: 18.435 Thread 0x0000025e9cb73720 Exception <a 'java/io/FileNotFoundException'{0x00000000c62088a0}> (0x00000000c62088a0) 
thrown [s\src\hotspot\share\prims\jni.cpp, line 516]
Event: 18.508 Thread 0x0000025e9cb73720 Exception <a 'java/lang/NoSuchMethodError'{0x00000000c5655f90}: 'int java.lang.invoke.DirectMethodHandle$Holder.invokeInterface(java.lang.Object, java.lang.Object, java.lang.Object, java.lang.Object)'> (0x00000000c5655f90) 
thrown [s\src\hotspot\share\interpreter\linkResolver.cpp, line 759]
Event: 18.718 Thread 0x0000025e9cb73720 Exception <a 'java/lang/NoSuchMethodError'{0x00000000c5486a70}: 'long java.lang.invoke.DirectMethodHandle$Holder.invokeVirtual(java.lang.Object, java.lang.Object)'> (0x00000000c5486a70) 
thrown [s\src\hotspot\share\interpreter\linkResolver.cpp, line 759]
Event: 18.729 Thread 0x0000025e9cb73720 Exception <a 'java/io/FileNotFoundException'{0x00000000c54bb920}> (0x00000000c54bb920) 
thrown [s\src\hotspot\share\prims\jni.cpp, line 516]
Event: 19.172 Thread 0x0000025e9cb73720 Exception <a 'sun/nio/fs/WindowsException'{0x00000000c4bf1358}> (0x00000000c4bf1358) 
thrown [s\src\hotspot\share\prims\jni.cpp, line 516]
Event: 20.602 Thread 0x0000025e9cb73720 Exception <a 'java/lang/NoSuchMethodError'{0x00000000c53ac388}: 'java.lang.Object java.lang.invoke.DirectMethodHandle$Holder.invokeStaticInit(java.lang.Object, java.lang.Object, java.lang.Object, java.lang.Object)'> (0x00000000c53ac388) 
thrown [s\src\hotspot\share\interpreter\linkResolver.cpp, line 759]

VM Operations (20 events):
Event: 18.274 Executing VM operation: G1Concurrent
Event: 18.278 Executing VM operation: G1Concurrent done
Event: 18.292 Executing VM operation: G1Concurrent
Event: 18.292 Executing VM operation: G1Concurrent done
Event: 18.331 Executing VM operation: HandshakeAllThreads
Event: 18.331 Executing VM operation: HandshakeAllThreads done
Event: 18.541 Executing VM operation: HandshakeAllThreads
Event: 18.541 Executing VM operation: HandshakeAllThreads done
Event: 18.542 Executing VM operation: HandshakeAllThreads
Event: 18.542 Executing VM operation: HandshakeAllThreads done
Event: 18.751 Executing VM operation: HandshakeAllThreads
Event: 18.751 Executing VM operation: HandshakeAllThreads done
Event: 18.898 Executing VM operation: HandshakeAllThreads
Event: 18.925 Executing VM operation: HandshakeAllThreads done
Event: 19.388 Executing VM operation: G1CollectForAllocation
Event: 19.400 Executing VM operation: G1CollectForAllocation done
Event: 20.400 Executing VM operation: Cleanup
Event: 20.401 Executing VM operation: Cleanup done
Event: 21.243 Executing VM operation: G1CollectForAllocation
Event: 21.251 Executing VM operation: G1CollectForAllocation done

Events (20 events):
Event: 20.814 loading class java/security/KeyManagementException
Event: 20.814 loading class java/security/KeyManagementException done
Event: 20.816 loading class javax/net/ssl/TrustManager
Event: 20.816 loading class javax/net/ssl/TrustManager done
Event: 20.816 loading class java/security/spec/InvalidKeySpecException
Event: 20.818 loading class java/security/spec/InvalidKeySpecException done
Event: 20.818 loading class java/security/spec/KeySpec
Event: 20.818 loading class java/security/spec/KeySpec done
Event: 20.818 loading class javax/net/ssl/SSLSocket
Event: 20.819 loading class javax/net/ssl/SSLSocket done
Event: 20.819 loading class javax/crypto/NoSuchPaddingException
Event: 20.821 loading class javax/crypto/NoSuchPaddingException done
Event: 20.821 loading class javax/crypto/IllegalBlockSizeException
Event: 20.822 loading class javax/crypto/IllegalBlockSizeException done
Event: 20.822 loading class javax/crypto/BadPaddingException
Event: 20.822 loading class javax/crypto/BadPaddingException done
Event: 20.838 loading class java/lang/StringIndexOutOfBoundsException
Event: 20.838 loading class java/lang/StringIndexOutOfBoundsException done
Event: 21.101 loading class java/util/ImmutableCollections$Map1
Event: 21.101 loading class java/util/ImmutableCollections$Map1 done


Dynamic libraries:
0x00007ff690940000 - 0x00007ff69094e000 	C:\Users\mateo\Downloads\sts-4.19.1.RELEASE\plugins\org.eclipse.justj.openjdk.hotspot.jre.full.win32.x86_64_17.0.7.v20230425-1502\jre\bin\javaw.exe
0x00007ffc65e70000 - 0x00007ffc66087000 	C:\WINDOWS\SYSTEM32\ntdll.dll
0x00007ffc34b20000 - 0x00007ffc34b39000 	C:\Program Files\Avast Software\Avast\aswhook.dll
0x00007ffc65c40000 - 0x00007ffc65d04000 	C:\WINDOWS\System32\KERNEL32.DLL
0x00007ffc634f0000 - 0x00007ffc63896000 	C:\WINDOWS\System32\KERNELBASE.dll
0x00007ffc631f0000 - 0x00007ffc63301000 	C:\WINDOWS\System32\ucrtbase.dll
0x00007ffc516f0000 - 0x00007ffc51707000 	C:\Users\mateo\Downloads\sts-4.19.1.RELEASE\plugins\org.eclipse.justj.openjdk.hotspot.jre.full.win32.x86_64_17.0.7.v20230425-1502\jre\bin\jli.dll
0x00007ffc65380000 - 0x00007ffc6552d000 	C:\WINDOWS\System32\USER32.dll
0x00007ffc638a0000 - 0x00007ffc638c6000 	C:\WINDOWS\System32\win32u.dll
0x00007ffc65d10000 - 0x00007ffc65d39000 	C:\WINDOWS\System32\GDI32.dll
0x00007ffc63990000 - 0x00007ffc63aa8000 	C:\WINDOWS\System32\gdi32full.dll
0x00007ffc63ab0000 - 0x00007ffc63b4a000 	C:\WINDOWS\System32\msvcp_win.dll
0x00007ffc3d9b0000 - 0x00007ffc3d9c9000 	C:\Users\mateo\Downloads\sts-4.19.1.RELEASE\plugins\org.eclipse.justj.openjdk.hotspot.jre.full.win32.x86_64_17.0.7.v20230425-1502\jre\bin\VCRUNTIME140.dll
0x00007ffc3f9c0000 - 0x00007ffc3fc53000 	C:\WINDOWS\WinSxS\amd64_microsoft.windows.common-controls_6595b64144ccf1df_6.0.22621.2361_none_2712ced57382f843\COMCTL32.dll
0x00007ffc63d50000 - 0x00007ffc63df7000 	C:\WINDOWS\System32\msvcrt.dll
0x00007ffc63e00000 - 0x00007ffc63e31000 	C:\WINDOWS\System32\IMM32.DLL
0x00007ffc48eb0000 - 0x00007ffc48ebc000 	C:\Users\mateo\Downloads\sts-4.19.1.RELEASE\plugins\org.eclipse.justj.openjdk.hotspot.jre.full.win32.x86_64_17.0.7.v20230425-1502\jre\bin\vcruntime140_1.dll
0x00007ffc32290000 - 0x00007ffc32321000 	C:\Users\mateo\Downloads\sts-4.19.1.RELEASE\plugins\org.eclipse.justj.openjdk.hotspot.jre.full.win32.x86_64_17.0.7.v20230425-1502\jre\bin\msvcp140.dll
0x00007ffbf7460000 - 0x00007ffbf80a8000 	C:\Users\mateo\Downloads\sts-4.19.1.RELEASE\plugins\org.eclipse.justj.openjdk.hotspot.jre.full.win32.x86_64_17.0.7.v20230425-1502\jre\bin\server\jvm.dll
0x00007ffc65b90000 - 0x00007ffc65c40000 	C:\WINDOWS\System32\ADVAPI32.dll
0x00007ffc63bd0000 - 0x00007ffc63c76000 	C:\WINDOWS\System32\sechost.dll
0x00007ffc63ea0000 - 0x00007ffc63fb7000 	C:\WINDOWS\System32\RPCRT4.dll
0x00007ffc4ddc0000 - 0x00007ffc4ddc9000 	C:\WINDOWS\SYSTEM32\WSOCK32.dll
0x00007ffc64d30000 - 0x00007ffc64da1000 	C:\WINDOWS\System32\WS2_32.dll
0x00007ffc5b2f0000 - 0x00007ffc5b324000 	C:\WINDOWS\SYSTEM32\WINMM.dll
0x00007ffc5a2c0000 - 0x00007ffc5a2ca000 	C:\WINDOWS\SYSTEM32\VERSION.dll
0x00007ffc62230000 - 0x00007ffc62248000 	C:\WINDOWS\SYSTEM32\kernel.appcore.dll
0x00007ffc5fc60000 - 0x00007ffc5fc6a000 	C:\Users\mateo\Downloads\sts-4.19.1.RELEASE\plugins\org.eclipse.justj.openjdk.hotspot.jre.full.win32.x86_64_17.0.7.v20230425-1502\jre\bin\jimage.dll
0x00007ffc60dc0000 - 0x00007ffc60fee000 	C:\WINDOWS\SYSTEM32\DBGHELP.DLL
0x00007ffc64830000 - 0x00007ffc64bba000 	C:\WINDOWS\System32\combase.dll
0x00007ffc65ab0000 - 0x00007ffc65b87000 	C:\WINDOWS\System32\OLEAUT32.dll
0x00007ffc58c80000 - 0x00007ffc58cb2000 	C:\WINDOWS\SYSTEM32\dbgcore.DLL
0x00007ffc63b50000 - 0x00007ffc63bca000 	C:\WINDOWS\System32\bcryptPrimitives.dll
0x00007ffc50da0000 - 0x00007ffc50dc5000 	C:\Users\mateo\Downloads\sts-4.19.1.RELEASE\plugins\org.eclipse.justj.openjdk.hotspot.jre.full.win32.x86_64_17.0.7.v20230425-1502\jre\bin\java.dll
0x00007ffc50ef0000 - 0x00007ffc50f08000 	C:\Users\mateo\Downloads\sts-4.19.1.RELEASE\plugins\org.eclipse.justj.openjdk.hotspot.jre.full.win32.x86_64_17.0.7.v20230425-1502\jre\bin\zip.dll
0x00007ffc63fc0000 - 0x00007ffc64818000 	C:\WINDOWS\System32\SHELL32.dll
0x00007ffc61150000 - 0x00007ffc61a42000 	C:\WINDOWS\SYSTEM32\windows.storage.dll
0x00007ffc61010000 - 0x00007ffc6114e000 	C:\WINDOWS\SYSTEM32\wintypes.dll
0x00007ffc64bc0000 - 0x00007ffc64cb3000 	C:\WINDOWS\System32\SHCORE.dll
0x00007ffc65dd0000 - 0x00007ffc65e2e000 	C:\WINDOWS\System32\shlwapi.dll
0x00007ffc63120000 - 0x00007ffc63146000 	C:\WINDOWS\SYSTEM32\profapi.dll
0x00007ffc3d990000 - 0x00007ffc3d9a9000 	C:\Users\mateo\Downloads\sts-4.19.1.RELEASE\plugins\org.eclipse.justj.openjdk.hotspot.jre.full.win32.x86_64_17.0.7.v20230425-1502\jre\bin\net.dll
0x00007ffc5ac70000 - 0x00007ffc5ada7000 	C:\WINDOWS\SYSTEM32\WINHTTP.dll
0x00007ffc626b0000 - 0x00007ffc62719000 	C:\WINDOWS\system32\mswsock.dll
0x00007ffc3d970000 - 0x00007ffc3d985000 	C:\Users\mateo\Downloads\sts-4.19.1.RELEASE\plugins\org.eclipse.justj.openjdk.hotspot.jre.full.win32.x86_64_17.0.7.v20230425-1502\jre\bin\nio.dll
0x00007ffc4f530000 - 0x00007ffc4f539000 	C:\Users\mateo\Downloads\sts-4.19.1.RELEASE\plugins\org.eclipse.justj.openjdk.hotspot.jre.full.win32.x86_64_17.0.7.v20230425-1502\jre\bin\management.dll
0x00007ffc491d0000 - 0x00007ffc491db000 	C:\Users\mateo\Downloads\sts-4.19.1.RELEASE\plugins\org.eclipse.justj.openjdk.hotspot.jre.full.win32.x86_64_17.0.7.v20230425-1502\jre\bin\management_ext.dll
0x00007ffc63d20000 - 0x00007ffc63d28000 	C:\WINDOWS\System32\PSAPI.DLL
0x00007ffc449d0000 - 0x00007ffc449e7000 	C:\WINDOWS\system32\napinsp.dll
0x00007ffc449b0000 - 0x00007ffc449cb000 	C:\WINDOWS\system32\pnrpnsp.dll
0x00007ffc61d20000 - 0x00007ffc61e19000 	C:\WINDOWS\SYSTEM32\DNSAPI.dll
0x00007ffc61cf0000 - 0x00007ffc61d1d000 	C:\WINDOWS\SYSTEM32\IPHLPAPI.DLL
0x00007ffc64820000 - 0x00007ffc64829000 	C:\WINDOWS\System32\NSI.dll
0x00007ffc44990000 - 0x00007ffc449a1000 	C:\WINDOWS\System32\winrnr.dll
0x00007ffc44970000 - 0x00007ffc44985000 	C:\WINDOWS\system32\wshbth.dll
0x00007ffc44940000 - 0x00007ffc44961000 	C:\WINDOWS\system32\nlansp_c.dll
0x00007ffc4f220000 - 0x00007ffc4f22a000 	C:\Windows\System32\rasadhlp.dll
0x00007ffc5a830000 - 0x00007ffc5a8b4000 	C:\WINDOWS\System32\fwpuclnt.dll
0x00007ffc62910000 - 0x00007ffc6292b000 	C:\WINDOWS\SYSTEM32\CRYPTSP.dll
0x00007ffc62190000 - 0x00007ffc621c5000 	C:\WINDOWS\system32\rsaenh.dll
0x00007ffc627a0000 - 0x00007ffc627cc000 	C:\WINDOWS\SYSTEM32\USERENV.dll
0x00007ffc62ac0000 - 0x00007ffc62ae8000 	C:\WINDOWS\SYSTEM32\bcrypt.dll
0x00007ffc62900000 - 0x00007ffc6290c000 	C:\WINDOWS\SYSTEM32\CRYPTBASE.dll
0x00007ffc5ac50000 - 0x00007ffc5ac69000 	C:\WINDOWS\SYSTEM32\dhcpcsvc6.DLL
0x00007ffc5ac30000 - 0x00007ffc5ac4f000 	C:\WINDOWS\SYSTEM32\dhcpcsvc.DLL
0x00007ffc48f10000 - 0x00007ffc48f1e000 	C:\Users\mateo\Downloads\sts-4.19.1.RELEASE\plugins\org.eclipse.justj.openjdk.hotspot.jre.full.win32.x86_64_17.0.7.v20230425-1502\jre\bin\sunmscapi.dll
0x00007ffc63380000 - 0x00007ffc634e6000 	C:\WINDOWS\System32\CRYPT32.dll
0x00007ffc62a90000 - 0x00007ffc62abd000 	C:\WINDOWS\SYSTEM32\ncrypt.dll
0x00007ffc62a50000 - 0x00007ffc62a87000 	C:\WINDOWS\SYSTEM32\NTASN1.dll

dbghelp: loaded successfully - version: 4.0.5 - missing functions: none
symbol engine: initialized successfully - sym options: 0x614 - pdb path: .;C:\Users\mateo\Downloads\sts-4.19.1.RELEASE\plugins\org.eclipse.justj.openjdk.hotspot.jre.full.win32.x86_64_17.0.7.v20230425-1502\jre\bin;C:\WINDOWS\SYSTEM32;C:\Program Files\Avast Software\Avast;C:\WINDOWS\WinSxS\amd64_microsoft.windows.common-controls_6595b64144ccf1df_6.0.22621.2361_none_2712ced57382f843;C:\Users\mateo\Downloads\sts-4.19.1.RELEASE\plugins\org.eclipse.justj.openjdk.hotspot.jre.full.win32.x86_64_17.0.7.v20230425-1502\jre\bin\server

VM Arguments:
jvm_args: -Dcom.sun.management.jmxremote -Dcom.sun.management.jmxremote.port=64064 -Dcom.sun.management.jmxremote.authenticate=false -Dcom.sun.management.jmxremote.ssl=false -Djava.rmi.server.hostname=localhost -Dspring.jmx.enabled=true -Dmanagement.endpoints.jmx.exposure.include=* -Dspring.application.admin.enabled=true -XX:TieredStopAtLevel=1 -Dspring.boot.project.name=servicio-artistas -Dfile.encoding=UTF-8 -XX:+ShowCodeDetailsInExceptionMessages 
java_command: com.appmusica.artistas.ServicioArtistasApplication --spring.output.ansi.enabled=always
java_class_path (initial): C:\Users\mateo\OneDrive\Documentos\Proyectos con jwt\servicio-artistas\target\classes;C:\Users\mateo\.m2\repository\org\springframework\boot\spring-boot-starter-data-jpa\3.1.4\spring-boot-starter-data-jpa-3.1.4.jar;C:\Users\mateo\.m2\repository\org\springframework\boot\spring-boot-starter-aop\3.1.4\spring-boot-starter-aop-3.1.4.jar;C:\Users\mateo\.m2\repository\org\springframework\spring-aop\6.0.12\spring-aop-6.0.12.jar;C:\Users\mateo\.m2\repository\org\aspectj\aspectjweaver\1.9.20\aspectjweaver-1.9.20.jar;C:\Users\mateo\.m2\repository\org\springframework\boot\spring-boot-starter-jdbc\3.1.4\spring-boot-starter-jdbc-3.1.4.jar;C:\Users\mateo\.m2\repository\com\zaxxer\HikariCP\5.0.1\HikariCP-5.0.1.jar;C:\Users\mateo\.m2\repository\org\springframework\spring-jdbc\6.0.12\spring-jdbc-6.0.12.jar;C:\Users\mateo\.m2\repository\org\hibernate\orm\hibernate-core\6.2.9.Final\hibernate-core-6.2.9.Final.jar;C:\Users\mateo\.m2\repository\jakarta\persistence\jakarta.persistence-api\3.1.0\jakarta.persistence-api-3.1.0.jar;C:\Users\mateo\.m2\repository\jakarta\transaction\jakarta.transaction-api\2.0.1\jakarta.transaction-api-2.0.1.jar;C:\Users\mateo\.m2\repository\org\jboss\logging\jboss-logging\3.5.3.Final\jboss-logging-3.5.3.Final.jar;C:\Users\mateo\.m2\repository\org\hibernate\common\hibernate-commons-annotations\6.0.6.Final\hibernate-commons-annotations-6.0.6.Final.jar;C:\Users\mateo\.m2\repository\io\smallrye\jandex\3.0.5\jandex-3.0.5.jar;C:\Users\mateo\.m2\repository\com\fasterxml\classmate\1.5.1\classmate-1.5.1.jar;C:\Users\mateo\.m2\repository\net\bytebuddy\byte-buddy\1.14.8\byte-buddy-1.14.8.jar;C:\Users\mateo\.m2\repository\org\glassfish\jaxb\jaxb-runtime\4.0.3\jaxb-runtime-4.0.3.jar;C:\Users\mateo\.m2\repository\org\glassfish\jaxb\jaxb-core\4.0.3\jaxb-core-4.0.3.jar;C:\Users\mateo\.m2\repository\org\eclipse\angus\angus-activation\2.0.1\angus-activation-2.0.1.jar;C:\Users\mateo\.m2\repository\org\glassfish\jaxb\txw2\4.0.3\txw2-4.0.3.jar;C:\Users\
Launcher Type: SUN_STANDARD

[Global flags]
     intx CICompilerCount                          = 3                                         {product} {ergonomic}
     uint ConcGCThreads                            = 1                                         {product} {ergonomic}
     uint G1ConcRefinementThreads                  = 4                                         {product} {ergonomic}
   size_t G1HeapRegionSize                         = 1048576                                   {product} {ergonomic}
    uintx GCDrainStackTargetSize                   = 64                                        {product} {ergonomic}
   size_t InitialHeapSize                          = 65011712                                  {product} {ergonomic}
     bool ManagementServer                         = true                                      {product} {command line}
   size_t MarkStackSize                            = 4194304                                   {product} {ergonomic}
   size_t MaxHeapSize                              = 1025507328                                {product} {ergonomic}
   size_t MaxNewSize                               = 614465536                                 {product} {ergonomic}
   size_t MinHeapDeltaBytes                        = 1048576                                   {product} {ergonomic}
   size_t MinHeapSize                              = 8388608                                   {product} {ergonomic}
    uintx NonProfiledCodeHeapSize                  = 0                                      {pd product} {ergonomic}
     bool ProfileInterpreter                       = false                                  {pd product} {command line}
    uintx ProfiledCodeHeapSize                     = 0                                      {pd product} {ergonomic}
     bool ShowCodeDetailsInExceptionMessages       = true                                   {manageable} {command line}
   size_t SoftMaxHeapSize                          = 1025507328                             {manageable} {ergonomic}
     intx TieredStopAtLevel                        = 1                                         {product} {command line}
     bool UseCompressedClassPointers               = true                           {product lp64_product} {ergonomic}
     bool UseCompressedOops                        = true                           {product lp64_product} {ergonomic}
     bool UseG1GC                                  = true                                      {product} {ergonomic}
     bool UseLargePagesIndividualAllocation        = false                                  {pd product} {ergonomic}

Logging:
Log output configuration:
 #0: stdout all=warning uptime,level,tags
 #1: stderr all=off uptime,level,tags

Environment Variables:
JAVA_HOME=C:\Program Files\Java\jdk-19
PATH=C:/Users/mateo/Downloads/sts-4.19.1.RELEASE//plugins/org.eclipse.justj.openjdk.hotspot.jre.full.win32.x86_64_17.0.7.v20230425-1502/jre/bin/server;C:/Users/mateo/Downloads/sts-4.19.1.RELEASE//plugins/org.eclipse.justj.openjdk.hotspot.jre.full.win32.x86_64_17.0.7.v20230425-1502/jre/bin;"C:\Program Files\Common Files\Oracle\Java\javapath;JAVA_HOME%\bin";C:\WINDOWS\system32;C:\WINDOWS;C:\WINDOWS\System32\Wbem;C:\WINDOWS\System32\WindowsPowerShell\v1.0\;C:\WINDOWS\System32\OpenSSH\;C:\Program Files\mongosh;C:\Program Files\dotnet\;C:\Users\mateo\AppData\Local\Microsoft\WindowsApps;C:\Users\mateo\AppData\Local\Programs\Git\cmd;C:\Users\mateo\AppData\Local\Programs\Microsoft VS Code\bin;C:\Users\mateo\Downloads\sts-4.19.1.RELEASE;
USERNAME=mateo
OS=Windows_NT
PROCESSOR_IDENTIFIER=Intel64 Family 6 Model 122 Stepping 8, GenuineIntel
TMP=C:\Users\mateo\AppData\Local\Temp
TEMP=C:\Users\mateo\AppData\Local\Temp



---------------  S Y S T E M  ---------------

OS:
 Windows 11 , 64 bit Build 22621 (10.0.22621.2428)
OS uptime: 0 days 3:24 hours

CPU: total 4 (initial active 4) (4 cores per cpu, 1 threads per core) family 6 model 122 stepping 8 microcode 0x1a, cx8, cmov, fxsr, mmx, 3dnowpref, sse, sse2, sse3, ssse3, sse4.1, sse4.2, popcnt, tsc, tscinvbit, aes, erms, clmul, sha, clflush, clflushopt

Memory: 4k page, system-wide physical 3910M (341M free)
TotalPageFile size 11409M (AvailPageFile size 3M)
current process WorkingSet (physical memory assigned to process): 145M, peak: 145M
current process commit charge ("private bytes"): 170M, peak: 170M

vm_info: OpenJDK 64-Bit Server VM (17.0.7+7) for windows-amd64 JRE (17.0.7+7), built on Apr 18 2023 22:10:42 by "temurin" with MS VC++ 16.7 (VS2019)

END.
